2025-05-13 14:35:55,318 [INFO] Activator:176 - 


2025-05-13 14:35:55,331 [INFO] Activator:177 - !SESSION log4j initialized
2025-05-13 14:36:07,384 [INFO] LogOutputStream:77 - [STDOUT_REDIRECT] 
2025-05-13 14:36:10,168 [INFO] ApplicationProperties:184 - Using Application install path: C:\ST\STM32CubeIDE_1.16.1\STM32CubeIDE\plugins\com.st.stm32cube.common.mx_6.12.1.202409122256
2025-05-13 14:36:10,215 [INFO] DbMcusXml:78 - Set database path to: C:\ST\STM32CubeIDE_1.16.1\STM32CubeIDE\plugins\com.st.stm32cube.common.mx_6.12.1.202409122256\\db\/mcu/
2025-05-13 14:36:10,216 [INFO] ApiDb:274 - Set plugin database path to: C:\ST\STM32CubeIDE_1.16.1\STM32CubeIDE\plugins\com.st.stm32cube.common.mx_6.12.1.202409122256\\db\/plugins/boardmanager/
2025-05-13 14:36:10,218 [WARN] ApiDb:259 - Overriding images path with different value:  => C:\ST\STM32CubeIDE_1.16.1\STM32CubeIDE\plugins\com.st.stm32cube.common.mx_6.12.1.202409122256\\db\/plugins/mcufinder/images/
2025-05-13 14:36:10,266 [INFO] ApiDb:250 - Set database path to: C:\Users\talur\.stmcufinder\plugins\mcufinder//mcu/
2025-05-13 14:36:10,268 [INFO] DbMcusAds:125 - Set database path to: C:\Users\talur\.stmcufinder\plugins\mcufinder//mcu/
2025-05-13 14:36:10,275 [INFO] CrossReferenceDbSqlite:203 - Set database path to: C:\Users\talur\.stmcufinder\plugins\mcufinder//mcu/cs/
2025-05-13 14:36:10,526 [INFO] RulesReader:64 - Compatibility file has been processed (297 Rules)
2025-05-13 14:36:10,724 [INFO] DbMcusXml:78 - Set database path to: C:\ST\STM32CubeIDE_1.16.1\STM32CubeIDE\plugins\com.st.stm32cube.common.mx_6.12.1.202409122256\\db\/mcu/
2025-05-13 14:36:10,724 [INFO] ApiDb:274 - Set plugin database path to: C:\ST\STM32CubeIDE_1.16.1\STM32CubeIDE\plugins\com.st.stm32cube.common.mx_6.12.1.202409122256\\db\/plugins/boardmanager/
2025-05-13 14:36:10,725 [INFO] ApiDb:261 - Set plugin images path to: C:\ST\STM32CubeIDE_1.16.1\STM32CubeIDE\plugins\com.st.stm32cube.common.mx_6.12.1.202409122256\\db\/plugins/mcufinder/images/
2025-05-13 14:36:10,725 [WARN] DbFile:41 - Overriding database path with different value: C:\Users\talur\.stmcufinder\plugins\mcufinder/ => C:\Users\talur\.stmcufinder\plugins\mcufinder
2025-05-13 14:36:10,725 [INFO] ApiDb:250 - Set database path to: C:\Users\talur\.stmcufinder\plugins\mcufinder//mcu/
2025-05-13 14:36:10,725 [WARN] DbFile:41 - Overriding database path with different value: C:\Users\talur\.stmcufinder\plugins\mcufinder/ => C:\Users\talur\.stmcufinder\plugins\mcufinder
2025-05-13 14:36:10,725 [INFO] DbMcusAds:125 - Set database path to: C:\Users\talur\.stmcufinder\plugins\mcufinder//mcu/
2025-05-13 14:36:10,725 [WARN] DbFile:41 - Overriding database path with different value: C:\Users\talur\.stmcufinder\plugins\mcufinder/ => C:\Users\talur\.stmcufinder\plugins\mcufinder
2025-05-13 14:36:10,725 [WARN] DbFile:41 - Overriding database path with different value: C:\Users\talur\.stmcufinder\plugins\mcufinder/ => C:\Users\talur\.stmcufinder\plugins\mcufinder
2025-05-13 14:36:10,725 [INFO] CrossReferenceDbSqlite:203 - Set database path to: C:\Users\talur\.stmcufinder\plugins\mcufinder//mcu/cs/
2025-05-13 14:36:10,868 [INFO] MainPanel:268 - HeapMemory: 268435456
2025-05-13 14:36:11,070 [INFO] DbMcusXml:78 - Set database path to: C:\ST\STM32CubeIDE_1.16.1\STM32CubeIDE\plugins\com.st.stm32cube.common.mx_6.12.1.202409122256\\db\/mcu/
2025-05-13 14:36:11,070 [INFO] ApiDb:274 - Set plugin database path to: C:\ST\STM32CubeIDE_1.16.1\STM32CubeIDE\plugins\com.st.stm32cube.common.mx_6.12.1.202409122256\\db\/plugins/boardmanager/
2025-05-13 14:36:11,070 [INFO] ApiDb:261 - Set plugin images path to: C:\ST\STM32CubeIDE_1.16.1\STM32CubeIDE\plugins\com.st.stm32cube.common.mx_6.12.1.202409122256\\db\/plugins/mcufinder/images/
2025-05-13 14:36:11,071 [WARN] DbFile:41 - Overriding database path with different value: C:\Users\talur\.stmcufinder\plugins\mcufinder/ => C:\Users\talur\.stmcufinder\plugins\mcufinder
2025-05-13 14:36:11,071 [INFO] ApiDb:250 - Set database path to: C:\Users\talur\.stmcufinder\plugins\mcufinder//mcu/
2025-05-13 14:36:11,071 [WARN] DbFile:41 - Overriding database path with different value: C:\Users\talur\.stmcufinder\plugins\mcufinder/ => C:\Users\talur\.stmcufinder\plugins\mcufinder
2025-05-13 14:36:11,071 [INFO] DbMcusAds:125 - Set database path to: C:\Users\talur\.stmcufinder\plugins\mcufinder//mcu/
2025-05-13 14:36:11,071 [WARN] DbFile:41 - Overriding database path with different value: C:\Users\talur\.stmcufinder\plugins\mcufinder/ => C:\Users\talur\.stmcufinder\plugins\mcufinder
2025-05-13 14:36:11,071 [WARN] DbFile:41 - Overriding database path with different value: C:\Users\talur\.stmcufinder\plugins\mcufinder/ => C:\Users\talur\.stmcufinder\plugins\mcufinder
2025-05-13 14:36:11,071 [INFO] CrossReferenceDbSqlite:203 - Set database path to: C:\Users\talur\.stmcufinder\plugins\mcufinder//mcu/cs/
2025-05-13 14:36:11,098 [INFO] ApplicationProperties:184 - Using Application install path: C:\ST\STM32CubeIDE_1.16.1\STM32CubeIDE\plugins\com.st.stm32cube.common.mx_6.12.1.202409122256
2025-05-13 14:36:11,100 [INFO] PluginManage:196 - Search for loadable plugins [exclusion list=, ]
2025-05-13 14:36:11,104 [INFO] PluginManage:310 - Check plugin analytics
2025-05-13 14:36:11,379 [INFO] AnalyticsPlugin:253 - Accepted Software Licenses: STM32CubeMX.6.14.1
2025-05-13 14:36:11,380 [INFO] AnalyticsPlugin:255 - Accepted CMSIS Pack Licenses: 
2025-05-13 14:36:11,380 [INFO] AnalyticsPlugin:257 - Accepted Firmware Licenses: FW.F4.1.28.0
2025-05-13 14:36:11,385 [INFO] PluginManage:359 - Loaded plugin analytics (category:tool,tabindex:-1)
2025-05-13 14:36:11,386 [INFO] PluginManage:310 - Check plugin cadmodel
2025-05-13 14:36:11,397 [INFO] CADModel:105 - Init CAD model plugin
2025-05-13 14:36:11,397 [INFO] PluginManage:359 - Loaded plugin cadmodel (category:power,tabindex:5)
2025-05-13 14:36:11,398 [INFO] PluginManage:310 - Check plugin clock
2025-05-13 14:36:11,422 [INFO] PluginManage:359 - Loaded plugin clock (category:base,tabindex:2)
2025-05-13 14:36:11,422 [INFO] PluginManage:310 - Check plugin ddr
2025-05-13 14:36:11,428 [INFO] PluginManage:359 - Loaded plugin ddr (category:tool,tabindex:6)
2025-05-13 14:36:11,428 [INFO] PluginManage:310 - Check plugin filemanager
2025-05-13 14:36:11,674 [INFO] PluginManage:359 - Loaded plugin filemanager (category:base,tabindex:10)
2025-05-13 14:36:11,675 [INFO] PluginManage:310 - Check plugin ipmanager
2025-05-13 14:36:11,685 [INFO] PluginManage:359 - Loaded plugin ipmanager (category:base,tabindex:5)
2025-05-13 14:36:11,685 [INFO] PluginManage:310 - Check plugin lpbam
2025-05-13 14:36:11,696 [INFO] PluginManage:359 - Loaded plugin lpbam (category:base,tabindex:0)
2025-05-13 14:36:11,696 [INFO] PluginManage:310 - Check plugin memorymap
2025-05-13 14:36:11,718 [INFO] PluginManage:359 - Loaded plugin memorymap (category:base,tabindex:4)
2025-05-13 14:36:11,718 [INFO] PluginManage:310 - Check plugin pinoutandconfiguration
2025-05-13 14:36:11,731 [INFO] PluginManage:359 - Loaded plugin pinoutandconfiguration (category:base,tabindex:1)
2025-05-13 14:36:11,732 [INFO] PluginManage:310 - Check plugin pinoutconfig
2025-05-13 14:36:11,876 [WARN] SupportedApi:132 - Cannot load RTOS API schema: s4s-elt-must-match.1: The content of 'definitions' must match (annotation?, (simpleType | complexType)?, (unique | key | keyref)*)). A problem was found starting at: attribute.
2025-05-13 14:36:12,209 [INFO] PluginManage:359 - Loaded plugin pinoutconfig (category:base,tabindex:0)
2025-05-13 14:36:12,210 [INFO] PluginManage:310 - Check plugin power
2025-05-13 14:36:12,234 [INFO] PluginManage:359 - Loaded plugin power (category:power,tabindex:4)
2025-05-13 14:36:12,234 [INFO] PluginManage:310 - Check plugin projectmanager
2025-05-13 14:36:12,274 [INFO] PluginManage:359 - Loaded plugin projectmanager (category:projectmanager,tabindex:4)
2025-05-13 14:36:12,274 [INFO] PluginManage:310 - Check plugin rif
2025-05-13 14:36:12,340 [INFO] PluginManage:359 - Loaded plugin rif (category:base,tabindex:3)
2025-05-13 14:36:12,341 [INFO] PluginManage:310 - Check plugin thirdparty
2025-05-13 14:36:12,873 [INFO] PluginManage:359 - Loaded plugin thirdparty (category:base,tabindex:-1)
2025-05-13 14:36:12,873 [WARN] IntegrityCheckThread:84 - waiting for thirdparty lock release [integrity check]
2025-05-13 14:36:12,873 [INFO] IntegrityCheckThread:86 - entering critical section [integrity check]
2025-05-13 14:36:12,873 [INFO] PluginManage:310 - Check plugin tools
2025-05-13 14:36:12,874 [INFO] ThirdPartyUpdaterWithRetryManager:70 - Updater plugin not ready yet. [1/15]
2025-05-13 14:36:12,878 [INFO] PluginManage:359 - Loaded plugin tools (category:base,tabindex:7)
2025-05-13 14:36:12,879 [INFO] PluginManage:310 - Check plugin tutovideos
2025-05-13 14:36:13,176 [INFO] PluginManage:359 - Loaded plugin tutovideos (category:base,tabindex:-1)
2025-05-13 14:36:13,177 [INFO] PluginManage:310 - Check plugin updater
2025-05-13 14:36:13,206 [INFO] PluginManage:359 - Loaded plugin updater (category:base,tabindex:12)
2025-05-13 14:36:13,206 [INFO] PluginManage:310 - Check plugin userauth
2025-05-13 14:36:13,217 [INFO] UserAuth:113 - Init User Auth plugin
2025-05-13 14:36:13,217 [INFO] PluginManage:359 - Loaded plugin userauth (category:base,tabindex:14)
2025-05-13 14:36:13,218 [INFO] PluginManage:283 - PluginManage : Loaded plugins [18]
2025-05-13 14:36:13,604 [INFO] PinOutPanel:1561 - setPackage(No Configuration,No Configuration)
2025-05-13 14:36:13,768 [INFO] CADModel:165 - CPN selected for project level
2025-05-13 14:36:13,768 [INFO] CADModel:114 - Register for checkConnection events
2025-05-13 14:36:13,802 [INFO] IPUIPlugin:80 - create IPUIPlugin
2025-05-13 14:36:13,803 [INFO] PluginManager:220 - loadIPPluginJar : add adc
2025-05-13 14:36:13,807 [INFO] IPUIPlugin:80 - create IPUIPlugin
2025-05-13 14:36:13,807 [INFO] PluginManager:220 - loadIPPluginJar : add aes
2025-05-13 14:36:13,813 [INFO] IPUIPlugin:80 - create IPUIPlugin
2025-05-13 14:36:13,813 [INFO] PluginManager:220 - loadIPPluginJar : add can
2025-05-13 14:36:13,817 [INFO] IPUIPlugin:80 - create IPUIPlugin
2025-05-13 14:36:13,817 [INFO] PluginManager:220 - loadIPPluginJar : add comp
2025-05-13 14:36:13,821 [INFO] IPUIPlugin:80 - create IPUIPlugin
2025-05-13 14:36:13,821 [INFO] PluginManager:220 - loadIPPluginJar : add cryp
2025-05-13 14:36:13,843 [INFO] IPUIPlugin:80 - create IPUIPlugin
2025-05-13 14:36:13,843 [INFO] PluginManager:220 - loadIPPluginJar : add ddr_ctrl_phy
2025-05-13 14:36:13,847 [INFO] IPUIPlugin:80 - create IPUIPlugin
2025-05-13 14:36:13,847 [INFO] PluginManager:220 - loadIPPluginJar : add dfsdm
2025-05-13 14:36:13,856 [INFO] IPUIPlugin:80 - create IPUIPlugin
2025-05-13 14:36:13,857 [INFO] PluginManager:220 - loadIPPluginJar : add dma
2025-05-13 14:36:13,861 [INFO] IPUIPlugin:80 - create IPUIPlugin
2025-05-13 14:36:13,861 [INFO] PluginManager:220 - loadIPPluginJar : add dma3
2025-05-13 14:36:13,866 [INFO] IPUIPlugin:80 - create IPUIPlugin
2025-05-13 14:36:13,866 [INFO] PluginManager:220 - loadIPPluginJar : add extmemmanager
2025-05-13 14:36:13,869 [INFO] IPUIPlugin:80 - create IPUIPlugin
2025-05-13 14:36:13,869 [INFO] PluginManager:220 - loadIPPluginJar : add fatfs
2025-05-13 14:36:13,877 [INFO] IPUIPlugin:80 - create IPUIPlugin
2025-05-13 14:36:13,877 [INFO] PluginManager:220 - loadIPPluginJar : add fmc
2025-05-13 14:36:13,885 [INFO] IPUIPlugin:80 - create IPUIPlugin
2025-05-13 14:36:13,885 [INFO] PluginManager:220 - loadIPPluginJar : add freertos
2025-05-13 14:36:13,888 [INFO] IPUIPlugin:80 - create IPUIPlugin
2025-05-13 14:36:13,888 [INFO] PluginManager:220 - loadIPPluginJar : add genericplugin
2025-05-13 14:36:13,893 [INFO] IPUIPlugin:80 - create IPUIPlugin
2025-05-13 14:36:13,893 [INFO] PluginManager:220 - loadIPPluginJar : add gfxmmu
2025-05-13 14:36:13,901 [INFO] IPUIPlugin:80 - create IPUIPlugin
2025-05-13 14:36:13,901 [INFO] PluginManager:220 - loadIPPluginJar : add gic
2025-05-13 14:36:13,907 [INFO] IPUIPlugin:80 - create IPUIPlugin
2025-05-13 14:36:13,908 [INFO] PluginManager:220 - loadIPPluginJar : add gpio
2025-05-13 14:36:13,913 [INFO] IPUIPlugin:80 - create IPUIPlugin
2025-05-13 14:36:13,914 [INFO] PluginManager:220 - loadIPPluginJar : add gtzc
2025-05-13 14:36:13,919 [INFO] IPUIPlugin:80 - create IPUIPlugin
2025-05-13 14:36:13,919 [INFO] PluginManager:220 - loadIPPluginJar : add hash
2025-05-13 14:36:13,926 [INFO] IPUIPlugin:80 - create IPUIPlugin
2025-05-13 14:36:13,927 [INFO] PluginManager:220 - loadIPPluginJar : add i2c
2025-05-13 14:36:13,932 [INFO] IPUIPlugin:80 - create IPUIPlugin
2025-05-13 14:36:13,933 [INFO] PluginManager:220 - loadIPPluginJar : add i2s
2025-05-13 14:36:13,939 [INFO] IPUIPlugin:80 - create IPUIPlugin
2025-05-13 14:36:13,941 [INFO] PluginManager:220 - loadIPPluginJar : add i3c
2025-05-13 14:36:13,948 [INFO] IPUIPlugin:80 - create IPUIPlugin
2025-05-13 14:36:13,949 [INFO] PluginManager:220 - loadIPPluginJar : add ipddr
2025-05-13 14:36:13,967 [INFO] IPUIPlugin:80 - create IPUIPlugin
2025-05-13 14:36:13,968 [INFO] PluginManager:220 - loadIPPluginJar : add linkedlist
2025-05-13 14:36:13,977 [INFO] IPUIPlugin:80 - create IPUIPlugin
2025-05-13 14:36:13,977 [INFO] PluginManager:220 - loadIPPluginJar : add lorawan
2025-05-13 14:36:13,982 [INFO] IPUIPlugin:80 - create IPUIPlugin
2025-05-13 14:36:13,982 [INFO] PluginManager:220 - loadIPPluginJar : add ltdc
2025-05-13 14:36:13,997 [INFO] IPUIPlugin:80 - create IPUIPlugin
2025-05-13 14:36:13,997 [INFO] PluginManager:220 - loadIPPluginJar : add mdma
2025-05-13 14:36:14,005 [INFO] IPUIPlugin:80 - create IPUIPlugin
2025-05-13 14:36:14,006 [INFO] PluginManager:220 - loadIPPluginJar : add nvic
2025-05-13 14:36:14,015 [INFO] IPUIPlugin:80 - create IPUIPlugin
2025-05-13 14:36:14,015 [INFO] PluginManager:220 - loadIPPluginJar : add opamp
2025-05-13 14:36:14,025 [INFO] IPUIPlugin:80 - create IPUIPlugin
2025-05-13 14:36:14,026 [INFO] PluginManager:220 - loadIPPluginJar : add openamp
2025-05-13 14:36:14,034 [INFO] IPUIPlugin:80 - create IPUIPlugin
2025-05-13 14:36:14,034 [INFO] PluginManager:220 - loadIPPluginJar : add pdm2pcm
2025-05-13 14:36:14,053 [INFO] IPUIPlugin:80 - create IPUIPlugin
2025-05-13 14:36:14,062 [INFO] PluginManager:220 - loadIPPluginJar : add plateformsettings
2025-05-13 14:36:14,066 [INFO] IPUIPlugin:80 - create IPUIPlugin
2025-05-13 14:36:14,067 [INFO] PluginManager:220 - loadIPPluginJar : add quadspi
2025-05-13 14:36:14,072 [INFO] IPUIPlugin:80 - create IPUIPlugin
2025-05-13 14:36:14,075 [INFO] PluginManager:220 - loadIPPluginJar : add radio
2025-05-13 14:36:14,087 [INFO] IPUIPlugin:80 - create IPUIPlugin
2025-05-13 14:36:14,087 [INFO] PluginManager:220 - loadIPPluginJar : add resmgrutility
2025-05-13 14:36:14,100 [INFO] IPUIPlugin:80 - create IPUIPlugin
2025-05-13 14:36:14,100 [INFO] PluginManager:220 - loadIPPluginJar : add sai
2025-05-13 14:36:14,112 [INFO] IPUIPlugin:80 - create IPUIPlugin
2025-05-13 14:36:14,112 [INFO] PluginManager:220 - loadIPPluginJar : add spi
2025-05-13 14:36:14,127 [INFO] IPUIPlugin:80 - create IPUIPlugin
2025-05-13 14:36:14,129 [INFO] PluginManager:220 - loadIPPluginJar : add stm32_wpan
2025-05-13 14:36:14,135 [INFO] IPUIPlugin:80 - create IPUIPlugin
2025-05-13 14:36:14,135 [INFO] PluginManager:220 - loadIPPluginJar : add tim
2025-05-13 14:36:14,153 [INFO] IPUIPlugin:80 - create IPUIPlugin
2025-05-13 14:36:14,155 [INFO] PluginManager:220 - loadIPPluginJar : add touchsensing
2025-05-13 14:36:14,164 [INFO] IPUIPlugin:80 - create IPUIPlugin
2025-05-13 14:36:14,165 [INFO] PluginManager:220 - loadIPPluginJar : add tracer_emb
2025-05-13 14:36:14,171 [INFO] IPUIPlugin:80 - create IPUIPlugin
2025-05-13 14:36:14,171 [INFO] PluginManager:220 - loadIPPluginJar : add ts
2025-05-13 14:36:14,178 [INFO] IPUIPlugin:80 - create IPUIPlugin
2025-05-13 14:36:14,178 [INFO] PluginManager:220 - loadIPPluginJar : add tsc
2025-05-13 14:36:14,185 [INFO] IPUIPlugin:80 - create IPUIPlugin
2025-05-13 14:36:14,185 [INFO] PluginManager:220 - loadIPPluginJar : add ucpd
2025-05-13 14:36:14,197 [INFO] IPUIPlugin:80 - create IPUIPlugin
2025-05-13 14:36:14,198 [INFO] PluginManager:220 - loadIPPluginJar : add usart
2025-05-13 14:36:14,207 [INFO] IPUIPlugin:80 - create IPUIPlugin
2025-05-13 14:36:14,207 [INFO] PluginManager:220 - loadIPPluginJar : add usbx
2025-05-13 14:36:14,510 [INFO] CADModel:165 - CPN selected for project level
2025-05-13 14:36:14,510 [INFO] CADModel:114 - Register for checkConnection events
2025-05-13 14:36:14,511 [FATAL] Updater:334 - Updater called before beeing initialized
2025-05-13 14:36:14,512 [ERROR] CADModel:125 - Updater not yet initialized, retry later 
2025-05-13 14:36:14,955 [INFO] CADModel:165 - CPN selected for project level
2025-05-13 14:36:14,956 [INFO] CADModel:114 - Register for checkConnection events
2025-05-13 14:36:14,956 [FATAL] Updater:334 - Updater called before beeing initialized
2025-05-13 14:36:14,957 [ERROR] CADModel:125 - Updater not yet initialized, retry later 
2025-05-13 14:36:14,965 [FATAL] Updater:334 - Updater called before beeing initialized
2025-05-13 14:36:15,230 [FATAL] Updater:334 - Updater called before beeing initialized
2025-05-13 14:36:15,237 [INFO] DbMcusAds:53 - JSON generation date=Tue Dec 17 21:31:25 IST 2024 (1734451285682)
2025-05-13 14:36:15,237 [FATAL] Updater:334 - Updater called before beeing initialized
2025-05-13 14:36:15,301 [WARN] DetailPanel:346 - Failed to get advertising image, set to default
2025-05-13 14:36:15,436 [FATAL] Updater:334 - Updater called before beeing initialized
2025-05-13 14:36:15,438 [FATAL] Updater:334 - Updater called before beeing initialized
2025-05-13 14:36:15,439 [FATAL] Updater:334 - Updater called before beeing initialized
2025-05-13 14:36:15,439 [WARN] DetailPanel:346 - Failed to get advertising image, set to default
2025-05-13 14:36:15,440 [FATAL] Updater:334 - Updater called before beeing initialized
2025-05-13 14:36:15,532 [ERROR] Updater:1164 - MainUpdater not yet initialized. External WinMGr cannot be set.
2025-05-13 14:36:15,537 [INFO] Updater:1100 - Updater Version found : 6.12.1
2025-05-13 14:36:15,577 [INFO] ApplicationProperties:184 - Using Application install path: C:\ST\STM32CubeIDE_1.16.1\STM32CubeIDE\plugins\com.st.stm32cube.common.mx_6.12.1.202409122256
2025-05-13 14:36:15,876 [INFO] ThirdPartyUpdaterWithRetryManager:70 - Updater plugin not ready yet. [2/15]
2025-05-13 14:36:17,168 [ERROR] LogOutputStream:75 - [STDERR_REDIRECT] May 13, 2025 2:36:17 PM java.util.prefs.WindowsPreferences <init>
2025-05-13 14:36:17,170 [ERROR] LogOutputStream:75 - [STDERR_REDIRECT] WARNING: Could not open/create prefs root node Software\JavaSoft\Prefs at root 0xffffffff80000002. Windows RegCreateKeyEx(...) returned error code 5.
2025-05-13 14:36:17,170 [ERROR] LogOutputStream:75 - [STDERR_REDIRECT] 
2025-05-13 14:36:17,588 [INFO] MainUpdater:2873 - connection check result : 10
2025-05-13 14:36:17,590 [INFO] MainUpdater:290 - Updater Check For Update Now.
2025-05-13 14:36:17,591 [INFO] MicroXplorer:498 - Change Database Version : DB.6.0.121
2025-05-13 14:36:17,609 [INFO] McuFinderGlobals:63 - Set McuFinder mode to 2 (CubeIDE integrated)
2025-05-13 14:36:17,610 [INFO] UserAuth:179 - activating auth plugin
2025-05-13 14:36:17,622 [INFO] UserAuth:417 - Internet connection configuration mode: 1
2025-05-13 14:36:17,679 [INFO] JxBrowserEngine:152 - Initiate JxBrowser Engine with user profile folder
2025-05-13 14:36:17,856 [INFO] CheckServerUpdateThread:120 - End of CheckServer Thread
2025-05-13 14:36:19,334 [WARN] PackLoader:240 - Cannot read IP mode file for STMicroelectronics.FP-SNS-MOTENVWB1.1.4.0
2025-05-13 14:36:19,397 [WARN] PackLoader:240 - Cannot read IP mode file for STMicroelectronics.FP-ATR-ASTRA1.2.0.2
2025-05-13 14:36:19,444 [WARN] PackLoader:240 - Cannot read IP mode file for STMicroelectronics.FP-ATR-ASTRA1.2.0.1
2025-05-13 14:36:19,475 [WARN] PackLoader:240 - Cannot read IP mode file for STMicroelectronics.X-CUBE-SMBUS.2.1.0
2025-05-13 14:36:19,508 [WARN] PackLoader:240 - Cannot read IP mode file for STMicroelectronics.X-CUBE-WB05N.1.1.0
2025-05-13 14:36:19,604 [WARN] PackLoader:240 - Cannot read IP mode file for STMicroelectronics.X-CUBE-AZRTOS-F7.1.1.0
2025-05-13 14:36:19,790 [WARN] PackLoader:240 - Cannot read IP mode file for STMicroelectronics.X-CUBE-MEMS1.11.0.0
2025-05-13 14:36:20,238 [WARN] PackLoader:240 - Cannot read IP mode file for STMicroelectronics.FP-SNS-FLIGHT1.5.0.2
2025-05-13 14:36:20,293 [WARN] PackLoader:240 - Cannot read IP mode file for STMicroelectronics.X-CUBE-DISPLAY.3.0.0
2025-05-13 14:36:20,343 [WARN] PackLoader:240 - Cannot read IP mode file for STMicroelectronics.X-CUBE-BLE1.7.0.0
2025-05-13 14:36:20,383 [WARN] PackLoader:240 - Cannot read IP mode file for STMicroelectronics.X-CUBE-NFC10.1.0.0
2025-05-13 14:36:20,520 [WARN] PackLoader:240 - Cannot read IP mode file for STMicroelectronics.X-CUBE-BLEMGR.4.0.0
2025-05-13 14:36:20,633 [WARN] PackLoader:240 - Cannot read IP mode file for emotas.I-CUBE-CANOPEN.1.3.0
2025-05-13 14:36:20,713 [WARN] PackLoader:240 - Cannot read IP mode file for STMicroelectronics.X-CUBE-BLEMGR.3.1.0
2025-05-13 14:36:20,849 [WARN] PackLoader:240 - Cannot read IP mode file for STMicroelectronics.X-CUBE-AI.10.0.0
2025-05-13 14:36:20,989 [WARN] PackLoader:240 - Cannot read IP mode file for STMicroelectronics.FP-SNS-SMARTAG2.1.2.0
2025-05-13 14:36:21,058 [ERROR] Engine:466 - C:\Users\talur\.stm32cubemx\thirdparties\pdsc\STMicroelectronics.FP-SNS-FLIGHT1.5.1.0.pdsc: PDSC version is not supported
2025-05-13 14:36:21,400 [WARN] PackLoader:240 - Cannot read IP mode file for STMicroelectronics.X-CUBE-MEMS1.11.1.0
2025-05-13 14:36:22,104 [INFO] LogOutputStream:77 - [STDOUT_REDIRECT] 1 : Invalid condition id : UX_CORESTACK_Condition cause : null
2025-05-13 14:36:22,105 [INFO] LogOutputStream:77 - [STDOUT_REDIRECT] 1 : Invalid condition id : UX_CORESTACK_Condition cause : null
2025-05-13 14:36:22,108 [INFO] LogOutputStream:77 - [STDOUT_REDIRECT] 1 : Invalid condition id : UX_CORESTACK_Condition cause : null
2025-05-13 14:36:22,116 [INFO] LogOutputStream:77 - [STDOUT_REDIRECT] 1 : Invalid condition id : UX_CORESTACK_Condition cause : null
2025-05-13 14:36:22,118 [INFO] LogOutputStream:77 - [STDOUT_REDIRECT] 1 : Invalid condition id : UX_CORESTACK_Condition cause : null
2025-05-13 14:36:22,141 [WARN] PackLoader:240 - Cannot read IP mode file for STMicroelectronics.X-CUBE-AZRTOS-WL.2.0.0
2025-05-13 14:36:22,272 [WARN] PackLoader:240 - Cannot read IP mode file for STMicroelectronics.FP-SNS-MOTENV1.5.0.0
2025-05-13 14:36:22,383 [WARN] PackLoader:240 - Cannot read IP mode file for wolfSSL.I-CUBE-wolfMQTT.1.19.0
2025-05-13 14:36:22,489 [WARN] PackLoader:240 - Cannot read IP mode file for WES.I-CUBE-Cesium.1.3.0
2025-05-13 14:36:22,593 [WARN] PackLoader:240 - Cannot read IP mode file for STMicroelectronics.X-CUBE-BLE2.3.3.0
2025-05-13 14:36:22,672 [WARN] PackLoader:240 - Cannot read IP mode file for STMicroelectronics.X-CUBE-NFC9.1.0.0
2025-05-13 14:36:22,774 [WARN] PackLoader:240 - Cannot read IP mode file for STMicroelectronics.X-CUBE-BLE1.7.1.0
2025-05-13 14:36:22,835 [WARN] PackLoader:240 - Cannot read IP mode file for STMicroelectronics.X-CUBE-TCPP.4.1.0
2025-05-13 14:36:23,288 [WARN] PackLoader:240 - Cannot read IP mode file for STMicroelectronics.X-CUBE-MEMS1.11.2.0
2025-05-13 14:36:24,391 [WARN] PackLoader:240 - Cannot read IP mode file for STMicroelectronics.X-CUBE-AZRTOS-G0.1.1.0
2025-05-13 14:36:24,487 [WARN] PackLoader:240 - Cannot read IP mode file for STMicroelectronics.X-CUBE-SAFEA1.1.2.2
2025-05-13 14:36:24,645 [WARN] PackLoader:240 - Cannot read IP mode file for STMicroelectronics.X-CUBE-NFC4.3.0.0
2025-05-13 14:36:24,752 [WARN] PackLoader:240 - Cannot read IP mode file for EmbeddedOffice.I-CUBE-FS-RTOS.1.0.1
2025-05-13 14:36:24,754 [ERROR] ConditionMgr:805 - Attr not supported : Dmpu
2025-05-13 14:36:24,755 [ERROR] ConditionMgr:805 - Attr not supported : Dmpu
2025-05-13 14:36:24,756 [ERROR] ConditionMgr:805 - Attr not supported : Dmpu
2025-05-13 14:36:24,757 [ERROR] ConditionMgr:805 - Attr not supported : Dmpu
2025-05-13 14:36:24,757 [ERROR] ConditionMgr:805 - Attr not supported : Dmpu
2025-05-13 14:36:24,757 [ERROR] ConditionMgr:805 - Attr not supported : Dmpu
2025-05-13 14:36:24,757 [ERROR] ConditionMgr:805 - Attr not supported : Dmpu
2025-05-13 14:36:24,757 [ERROR] ConditionMgr:805 - Attr not supported : Dmpu
2025-05-13 14:36:24,758 [ERROR] ConditionMgr:805 - Attr not supported : Dmpu
2025-05-13 14:36:24,759 [ERROR] ConditionMgr:805 - Attr not supported : Dmpu
2025-05-13 14:36:24,760 [ERROR] ConditionMgr:805 - Attr not supported : Dmpu
2025-05-13 14:36:24,761 [ERROR] ConditionMgr:805 - Attr not supported : Dmpu
2025-05-13 14:36:24,761 [ERROR] ConditionMgr:805 - Attr not supported : Dmpu
2025-05-13 14:36:24,761 [ERROR] ConditionMgr:805 - Attr not supported : Dmpu
2025-05-13 14:36:24,761 [ERROR] ConditionMgr:805 - Attr not supported : Dmpu
2025-05-13 14:36:24,761 [ERROR] ConditionMgr:805 - Attr not supported : Dmpu
2025-05-13 14:36:24,761 [ERROR] ConditionMgr:805 - Attr not supported : Dmpu
2025-05-13 14:36:24,762 [ERROR] ConditionMgr:805 - Attr not supported : Dmpu
2025-05-13 14:36:24,762 [ERROR] ConditionMgr:805 - Attr not supported : Dmpu
2025-05-13 14:36:24,762 [ERROR] ConditionMgr:805 - Attr not supported : Dmpu
2025-05-13 14:36:24,762 [ERROR] ConditionMgr:805 - Attr not supported : Dmpu
2025-05-13 14:36:24,762 [ERROR] ConditionMgr:805 - Attr not supported : Dmpu
2025-05-13 14:36:24,762 [ERROR] ConditionMgr:805 - Attr not supported : Dmpu
2025-05-13 14:36:24,762 [ERROR] ConditionMgr:805 - Attr not supported : Dmpu
2025-05-13 14:36:24,762 [ERROR] ConditionMgr:805 - Attr not supported : Dmpu
2025-05-13 14:36:24,762 [ERROR] ConditionMgr:805 - Attr not supported : Dmpu
2025-05-13 14:36:24,762 [ERROR] ConditionMgr:805 - Attr not supported : Dmpu
2025-05-13 14:36:24,762 [ERROR] ConditionMgr:805 - Attr not supported : Dmpu
2025-05-13 14:36:24,763 [ERROR] ConditionMgr:805 - Attr not supported : Dmpu
2025-05-13 14:36:24,763 [ERROR] ConditionMgr:805 - Attr not supported : Dmpu
2025-05-13 14:36:24,763 [ERROR] ConditionMgr:805 - Attr not supported : Dmpu
2025-05-13 14:36:24,763 [ERROR] ConditionMgr:805 - Attr not supported : Dmpu
2025-05-13 14:36:24,763 [ERROR] ConditionMgr:805 - Attr not supported : Dmpu
2025-05-13 14:36:24,763 [ERROR] ConditionMgr:805 - Attr not supported : Dmpu
2025-05-13 14:36:24,763 [ERROR] ConditionMgr:805 - Attr not supported : Dmpu
2025-05-13 14:36:24,763 [ERROR] ConditionMgr:805 - Attr not supported : Dmpu
2025-05-13 14:36:24,764 [ERROR] ConditionMgr:805 - Attr not supported : Dmpu
2025-05-13 14:36:24,764 [ERROR] ConditionMgr:805 - Attr not supported : Dmpu
2025-05-13 14:36:24,764 [ERROR] ConditionMgr:805 - Attr not supported : Dmpu
2025-05-13 14:36:24,764 [ERROR] ConditionMgr:805 - Attr not supported : Dmpu
2025-05-13 14:36:24,764 [ERROR] ConditionMgr:805 - Attr not supported : Dmpu
2025-05-13 14:36:24,765 [ERROR] ConditionMgr:805 - Attr not supported : Dmpu
2025-05-13 14:36:24,765 [ERROR] ConditionMgr:805 - Attr not supported : Dmpu
2025-05-13 14:36:24,765 [ERROR] ConditionMgr:805 - Attr not supported : Dmpu
2025-05-13 14:36:24,765 [ERROR] ConditionMgr:805 - Attr not supported : Dmpu
2025-05-13 14:36:24,765 [ERROR] ConditionMgr:805 - Attr not supported : Dmpu
2025-05-13 14:36:24,765 [ERROR] ConditionMgr:805 - Attr not supported : Dmpu
2025-05-13 14:36:24,765 [ERROR] ConditionMgr:805 - Attr not supported : Dmpu
2025-05-13 14:36:24,765 [ERROR] ConditionMgr:805 - Attr not supported : Dmpu
2025-05-13 14:36:24,765 [ERROR] ConditionMgr:805 - Attr not supported : Dmpu
2025-05-13 14:36:24,766 [ERROR] ConditionMgr:805 - Attr not supported : Dmpu
2025-05-13 14:36:24,766 [ERROR] ConditionMgr:805 - Attr not supported : Dmpu
2025-05-13 14:36:24,766 [ERROR] ConditionMgr:805 - Attr not supported : Dmpu
2025-05-13 14:36:24,766 [ERROR] ConditionMgr:805 - Attr not supported : Dmpu
2025-05-13 14:36:24,766 [ERROR] ConditionMgr:805 - Attr not supported : Dmpu
2025-05-13 14:36:24,766 [ERROR] ConditionMgr:805 - Attr not supported : Dmpu
2025-05-13 14:36:24,766 [ERROR] ConditionMgr:805 - Attr not supported : Dmpu
2025-05-13 14:36:24,766 [ERROR] ConditionMgr:805 - Attr not supported : Dmpu
2025-05-13 14:36:24,766 [ERROR] ConditionMgr:805 - Attr not supported : Dmpu
2025-05-13 14:36:24,767 [ERROR] ConditionMgr:805 - Attr not supported : Dmpu
2025-05-13 14:36:24,769 [ERROR] ConditionMgr:805 - Attr not supported : Dmpu
2025-05-13 14:36:24,771 [ERROR] ConditionMgr:805 - Attr not supported : Dmpu
2025-05-13 14:36:24,775 [ERROR] ConditionMgr:805 - Attr not supported : Dmpu
2025-05-13 14:36:24,777 [ERROR] ConditionMgr:805 - Attr not supported : Dmpu
2025-05-13 14:36:24,976 [WARN] PackLoader:240 - Cannot read IP mode file for STMicroelectronics.X-CUBE-WB05N.2.0.0
2025-05-13 14:36:25,361 [ERROR] Engine:466 - C:\Users\talur\.stm32cubemx\thirdparties\pdsc\STMicroelectronics.X-CUBE-TCPP.4.2.0.pdsc: PDSC version is not supported
2025-05-13 14:36:25,556 [WARN] PackLoader:240 - Cannot read IP mode file for RealThread.X-CUBE-RT-Thread_Nano.4.1.1
2025-05-13 14:36:25,653 [WARN] PackLoader:240 - Cannot read IP mode file for STMicroelectronics.FP-ATR-SIGFOX1.3.2.0
2025-05-13 14:36:25,758 [WARN] PackLoader:240 - Cannot read IP mode file for wolfSSL.I-CUBE-wolfSSL.5.7.2
2025-05-13 14:36:25,829 [WARN] ConditionMgr:438 - getConditionDescription Invalid condition id : Cortex-A Device cause : null
2025-05-13 14:36:25,934 [WARN] ConditionMgr:1039 - genDependencies : Invalid condition id : Cortex-A Device cause : null
2025-05-13 14:36:25,935 [WARN] ConditionMgr:1039 - genDependencies : Invalid condition id : Cortex-A Device cause : null
2025-05-13 14:36:25,936 [WARN] ConditionMgr:1039 - genDependencies : Invalid condition id : Cortex-A Device cause : null
2025-05-13 14:36:26,025 [WARN] PackLoader:240 - Cannot read IP mode file for STMicroelectronics.X-CUBE-EEPRMA1.5.1.0
2025-05-13 14:36:26,077 [WARN] PackLoader:240 - Cannot read IP mode file for wolfSSL.I-CUBE-wolfSSL.5.7.4
2025-05-13 14:36:26,147 [WARN] PackLoader:240 - Cannot read IP mode file for ITTIA_DB.I-CUBE-ITTIADB.8.9.0
2025-05-13 14:36:26,275 [WARN] PackLoader:240 - Cannot read IP mode file for SEGGER.I-CUBE-embOS.1.3.1
2025-05-13 14:36:26,409 [WARN] PackLoader:240 - Cannot read IP mode file for STMicroelectronics.X-CUBE-ALGOBUILD.1.4.0
2025-05-13 14:36:26,456 [INFO] WebApp:167 - Instantiating new browser for Auth
2025-05-13 14:36:26,463 [WARN] PackLoader:240 - Cannot read IP mode file for STMicroelectronics.X-CUBE-AI.9.1.0
2025-05-13 14:36:26,914 [WARN] PackLoader:240 - Cannot read IP mode file for STMicroelectronics.X-CUBE-AZRTOS-F4.1.1.0
2025-05-13 14:36:27,155 [ERROR] Engine:466 - C:\Users\talur\.stm32cubemx\thirdparties\pdsc\Avnet-IotConnect.X-CUBE-IoTC-DA16k-PMOD.1.0.0.pdsc: PDSC version is not supported
2025-05-13 14:36:27,214 [WARN] PackLoader:240 - Cannot read IP mode file for STMicroelectronics.X-CUBE-ISPU.2.1.0
2025-05-13 14:36:27,286 [WARN] PackLoader:240 - Cannot read IP mode file for STMicroelectronics.X-CUBE-FREERTOS.1.2.0
2025-05-13 14:36:27,409 [WARN] PackLoader:240 - Cannot read IP mode file for STMicroelectronics.X-CUBE-AZRTOS-L5.2.0.0
2025-05-13 14:36:27,512 [WARN] PackLoader:240 - Cannot read IP mode file for STMicroelectronics.X-CUBE-NFC6.3.1.0
2025-05-13 14:36:27,626 [WARN] PackLoader:240 - Cannot read IP mode file for STMicroelectronics.X-CUBE-DPower.1.2.0
2025-05-13 14:36:27,803 [WARN] PackLoader:240 - Cannot read IP mode file for STMicroelectronics.X-CUBE-AI.9.0.0
2025-05-13 14:36:27,899 [WARN] PackLoader:240 - Cannot read IP mode file for STMicroelectronics.X-CUBE-FREERTOS.1.3.1
2025-05-13 14:36:27,976 [WARN] PackLoader:240 - Cannot read IP mode file for STMicroelectronics.X-CUBE-FREERTOS.1.3.0
2025-05-13 14:36:28,036 [WARN] PackLoader:240 - Cannot read IP mode file for STMicroelectronics.X-CUBE-NFC7.1.0.1
2025-05-13 14:36:28,099 [WARN] PackLoader:240 - Cannot read IP mode file for STMicroelectronics.X-CUBE-DPower.1.3.0
2025-05-13 14:36:28,275 [WARN] ConditionMgr:438 - getConditionDescription Invalid condition id : LAN8742 Phy interface Condition cause : null
2025-05-13 14:36:28,277 [WARN] PackLoader:240 - Cannot read IP mode file for STMicroelectronics.X-CUBE-AZRTOS-L4.2.0.0
2025-05-13 14:36:28,280 [WARN] ConditionMgr:1039 - genDependencies : Invalid condition id : LAN8742 Phy interface Condition cause : null
2025-05-13 14:36:28,281 [WARN] ConditionMgr:1039 - genDependencies : Invalid condition id : LAN8742 Phy interface Condition cause : null
2025-05-13 14:36:28,283 [WARN] ConditionMgr:1039 - genDependencies : Invalid condition id : LAN8742 Phy interface Condition cause : null
2025-05-13 14:36:28,343 [WARN] PackLoader:240 - Cannot read IP mode file for STMicroelectronics.X-CUBE-SFXS2LP1.4.0.0
2025-05-13 14:36:28,431 [WARN] PackLoader:240 - Cannot read IP mode file for STMicroelectronics.X-CUBE-AZRTOS-H7.3.3.0
2025-05-13 14:36:28,491 [WARN] PackLoader:240 - Cannot read IP mode file for STMicroelectronics.X-CUBE-IPS.3.0.0
2025-05-13 14:36:28,563 [WARN] ConditionMgr:438 - getConditionDescription Invalid condition id : UX DEVICE CLASS RTOS Condition cause : null
2025-05-13 14:36:28,564 [WARN] ConditionMgr:438 - getConditionDescription Invalid condition id : UX DEVICE CLASS RTOS Condition cause : null
2025-05-13 14:36:28,569 [WARN] PackLoader:240 - Cannot read IP mode file for STMicroelectronics.X-CUBE-AZRTOS-WB.2.0.0
2025-05-13 14:36:28,571 [WARN] ConditionMgr:1039 - genDependencies : Invalid condition id : UX DEVICE CLASS RTOS Condition cause : null
2025-05-13 14:36:28,572 [WARN] ConditionMgr:1039 - genDependencies : Invalid condition id : UX DEVICE CLASS RTOS Condition cause : null
2025-05-13 14:36:28,573 [WARN] ConditionMgr:1039 - genDependencies : Invalid condition id : UX DEVICE CLASS RTOS Condition cause : null
2025-05-13 14:36:28,574 [WARN] ConditionMgr:1039 - genDependencies : Invalid condition id : UX DEVICE CLASS RTOS Condition cause : null
2025-05-13 14:36:28,574 [WARN] ConditionMgr:1039 - genDependencies : Invalid condition id : UX DEVICE CLASS RTOS Condition cause : null
2025-05-13 14:36:28,629 [WARN] PackLoader:240 - Cannot read IP mode file for STMicroelectronics.X-CUBE-GNSS1.7.0.0
2025-05-13 14:36:28,674 [WARN] PackLoader:240 - Cannot read IP mode file for STMicroelectronics.X-CUBE-GNSS1.7.0.1
2025-05-13 14:36:28,721 [WARN] PackLoader:240 - Cannot read IP mode file for STMicroelectronics.X-CUBE-TOUCHGFX.4.25.0
2025-05-13 14:36:28,766 [WARN] PackLoader:240 - Cannot read IP mode file for STMicroelectronics.FP-SNS-STBOX1.2.0.0
2025-05-13 14:36:28,835 [WARN] PackLoader:240 - Cannot read IP mode file for STMicroelectronics.X-CUBE-SUBG2.5.0.0
2025-05-13 14:36:28,931 [WARN] PackLoader:240 - Cannot read IP mode file for STMicroelectronics.X-CUBE-AZRTOS-H7RS.1.1.0
2025-05-13 14:36:28,985 [WARN] PackLoader:240 - Cannot read IP mode file for Cesanta.I-CUBE-Mongoose.7.13.0
2025-05-13 14:36:29,071 [WARN] PackLoader:240 - Cannot read IP mode file for STMicroelectronics.X-CUBE-AZRTOS-G4.2.0.0
2025-05-13 14:36:29,124 [WARN] PackLoader:240 - Cannot read IP mode file for STMicroelectronics.X-CUBE-NFC7.2.0.0
2025-05-13 14:36:29,167 [WARN] PackLoader:240 - Cannot read IP mode file for STMicroelectronics.X-CUBE-ISPU.2.0.0
2025-05-13 14:36:29,215 [ERROR] Engine:466 - C:\Users\talur\.stm32cubemx\thirdparties\pdsc\STMicroelectronics.X-CUBE-IPS.3.1.0.pdsc: PDSC version is not supported
2025-05-13 14:36:29,253 [WARN] PackLoader:240 - Cannot read IP mode file for STMicroelectronics.X-CUBE-ALS.1.0.2
2025-05-13 14:36:29,300 [WARN] PackLoader:240 - Cannot read IP mode file for STMicroelectronics.X-CUBE-TOUCHGFX.4.24.0
2025-05-13 14:36:29,348 [WARN] PackLoader:240 - Cannot read IP mode file for STMicroelectronics.X-CUBE-TOUCHGFX.4.24.2
2025-05-13 14:36:29,400 [WARN] PackLoader:240 - Cannot read IP mode file for STMicroelectronics.X-CUBE-TOUCHGFX.4.24.1
2025-05-13 14:36:29,427 [WARN] PackLoader:240 - Cannot read IP mode file for wolfSSL.I-CUBE-wolfTPM.3.4.0
2025-05-13 14:36:29,484 [WARN] PackLoader:240 - Cannot read IP mode file for portGmbH.I-Cube-SoM-uGOAL.1.1.0
2025-05-13 14:36:29,566 [WARN] PackLoader:240 - Cannot read IP mode file for STMicroelectronics.X-CUBE-AZRTOS-H7RS.1.0.0
2025-05-13 14:36:29,584 [WARN] PackLoader:240 - Cannot read IP mode file for STMicroelectronics.FP-ATR-ASTRA1.2.0.0
2025-05-13 14:36:29,657 [WARN] PackLoader:240 - Cannot read IP mode file for STMicroelectronics.X-CUBE-TOF1.3.4.2
2025-05-13 14:36:29,725 [ERROR] Engine:466 - C:\Users\talur\.stm32cubemx\thirdparties\pdsc\STMicroelectronics.X-CUBE-TOF1.3.4.3.pdsc: PDSC version is not supported
2025-05-13 14:36:29,808 [WARN] PackLoader:240 - Cannot read IP mode file for Infineon.AIROC-Wi-Fi-Bluetooth-STM32.1.6.1
2025-05-13 14:36:29,862 [WARN] PackLoader:240 - Cannot read IP mode file for wolfSSL.I-CUBE-wolfSSH.1.4.17
2025-05-13 14:36:29,864 [INFO] ThirdParty:978 - Integrity check success = true
2025-05-13 14:36:29,865 [INFO] IntegrityCheckThread:100 - exiting critical section [integrity check]
2025-05-13 14:36:29,865 [INFO] IntegrityCheckThread:103 - End integrity checks thread
2025-05-13 14:36:30,108 [INFO] WebApp:448 - Apply proxy settings
2025-05-13 14:36:30,109 [INFO] WebApp:533 - Chromium requires no authentication
2025-05-13 14:36:30,146 [INFO] WebApp:476 - Direct internet connection detected
2025-05-13 14:36:30,224 [INFO] WebApp:869 - Register for checkConnection events
2025-05-13 14:36:30,225 [INFO] WebApp:448 - Apply proxy settings
2025-05-13 14:36:30,225 [INFO] WebApp:533 - Chromium requires no authentication
2025-05-13 14:36:30,227 [INFO] WebApp:476 - Direct internet connection detected
2025-05-13 14:36:30,844 [INFO] WebApp:220 - Starting web application
2025-05-13 14:36:30,845 [INFO] WebApp:578 - Web application path used C:\ST\STM32CubeIDE_1.16.1\STM32CubeIDE\plugins\com.st.stm32cube.common.mx_6.12.1.202409122256\db\plugins\mcufinder\reactClient1\index.html
2025-05-13 14:36:30,879 [INFO] WebApp:186 - Connection restablished
2025-05-13 15:29:54,371 [INFO] WebApp:189 - Connection lost
2025-05-13 15:29:54,894 [INFO] WebApp:186 - Connection restablished
2025-05-13 15:32:43,793 [INFO] WebApp:189 - Connection lost
2025-05-13 15:32:44,266 [INFO] WebApp:186 - Connection restablished
2025-05-13 15:33:46,294 [INFO] WebApp:189 - Connection lost
2025-05-13 15:33:46,598 [INFO] WebApp:186 - Connection restablished
2025-05-13 15:35:26,814 [INFO] WebApp:189 - Connection lost
2025-05-13 15:35:27,155 [INFO] WebApp:186 - Connection restablished
2025-05-13 15:37:04,802 [INFO] WebApp:189 - Connection lost
2025-05-13 15:37:05,275 [INFO] WebApp:186 - Connection restablished
2025-05-13 15:37:47,317 [INFO] WebApp:189 - Connection lost
2025-05-13 15:37:47,674 [INFO] WebApp:186 - Connection restablished
2025-05-13 15:38:37,307 [INFO] WebApp:189 - Connection lost
2025-05-13 15:38:37,669 [INFO] WebApp:186 - Connection restablished
2025-05-13 15:39:19,784 [INFO] WebApp:189 - Connection lost
2025-05-13 15:39:20,098 [INFO] WebApp:186 - Connection restablished
2025-05-13 15:41:40,293 [INFO] WebApp:189 - Connection lost
2025-05-13 15:41:41,114 [INFO] WebApp:186 - Connection restablished
2025-05-13 15:42:25,759 [INFO] WebApp:189 - Connection lost
2025-05-13 15:42:26,073 [INFO] WebApp:186 - Connection restablished
2025-05-13 15:42:44,284 [INFO] WebApp:189 - Connection lost
2025-05-13 15:42:44,554 [INFO] WebApp:186 - Connection restablished
2025-05-13 15:43:38,273 [INFO] WebApp:189 - Connection lost
2025-05-13 15:43:38,593 [INFO] WebApp:186 - Connection restablished
2025-05-13 15:44:00,761 [INFO] WebApp:189 - Connection lost
2025-05-13 15:44:01,044 [INFO] WebApp:186 - Connection restablished
2025-05-13 15:44:41,322 [INFO] WebApp:189 - Connection lost
2025-05-13 15:44:41,609 [INFO] WebApp:186 - Connection restablished
2025-05-13 15:45:01,796 [INFO] WebApp:189 - Connection lost
2025-05-13 15:45:02,046 [INFO] WebApp:186 - Connection restablished
2025-05-13 15:45:37,268 [INFO] WebApp:189 - Connection lost
2025-05-13 15:45:37,567 [INFO] WebApp:186 - Connection restablished
2025-05-13 15:46:19,296 [INFO] WebApp:189 - Connection lost
2025-05-13 15:46:19,617 [INFO] WebApp:186 - Connection restablished
2025-05-13 15:47:51,299 [INFO] WebApp:189 - Connection lost
2025-05-13 15:47:51,616 [INFO] WebApp:186 - Connection restablished
2025-05-13 15:48:33,811 [INFO] WebApp:189 - Connection lost
2025-05-13 15:48:34,251 [INFO] WebApp:186 - Connection restablished
2025-05-13 15:49:03,804 [INFO] WebApp:189 - Connection lost
2025-05-13 15:49:04,256 [INFO] WebApp:186 - Connection restablished
2025-05-13 15:51:18,861 [INFO] WebApp:189 - Connection lost
2025-05-13 15:51:19,719 [INFO] WebApp:186 - Connection restablished
2025-05-13 15:52:13,784 [INFO] WebApp:189 - Connection lost
2025-05-13 15:52:14,111 [INFO] WebApp:186 - Connection restablished
2025-05-13 15:52:28,822 [INFO] WebApp:189 - Connection lost
2025-05-13 15:52:29,156 [INFO] WebApp:186 - Connection restablished
2025-05-13 15:53:12,324 [INFO] WebApp:189 - Connection lost
2025-05-13 15:53:12,662 [INFO] WebApp:186 - Connection restablished
2025-05-13 15:53:50,775 [INFO] WebApp:189 - Connection lost
2025-05-13 15:53:51,098 [INFO] WebApp:186 - Connection restablished
2025-05-13 15:54:45,304 [INFO] WebApp:189 - Connection lost
2025-05-13 15:54:45,621 [INFO] WebApp:186 - Connection restablished
2025-05-13 15:55:30,318 [INFO] WebApp:189 - Connection lost
2025-05-13 15:55:30,629 [INFO] WebApp:186 - Connection restablished
2025-05-13 15:55:50,811 [INFO] WebApp:189 - Connection lost
2025-05-13 15:55:51,142 [INFO] WebApp:186 - Connection restablished
2025-05-13 15:56:43,793 [INFO] WebApp:189 - Connection lost
2025-05-13 15:56:44,309 [INFO] WebApp:186 - Connection restablished
2025-05-13 15:58:05,779 [INFO] WebApp:189 - Connection lost
2025-05-13 15:58:06,184 [INFO] WebApp:186 - Connection restablished
2025-05-13 15:58:36,774 [INFO] WebApp:189 - Connection lost
2025-05-13 15:58:37,131 [INFO] WebApp:186 - Connection restablished
2025-05-13 15:58:56,307 [INFO] WebApp:189 - Connection lost
2025-05-13 15:58:56,556 [INFO] WebApp:186 - Connection restablished
2025-05-13 15:59:34,309 [INFO] WebApp:189 - Connection lost
2025-05-13 15:59:34,664 [INFO] WebApp:186 - Connection restablished
2025-05-13 15:59:58,259 [INFO] WebApp:189 - Connection lost
2025-05-13 15:59:58,614 [INFO] WebApp:186 - Connection restablished
2025-05-13 16:00:35,281 [INFO] WebApp:189 - Connection lost
2025-05-13 16:00:35,631 [INFO] WebApp:186 - Connection restablished
2025-05-13 16:00:58,823 [INFO] WebApp:189 - Connection lost
2025-05-13 16:00:59,082 [INFO] WebApp:186 - Connection restablished
2025-05-13 16:01:50,277 [INFO] WebApp:189 - Connection lost
2025-05-13 16:01:50,537 [INFO] WebApp:186 - Connection restablished
2025-05-13 16:02:51,268 [INFO] WebApp:189 - Connection lost
2025-05-13 16:02:51,582 [INFO] WebApp:186 - Connection restablished
2025-05-13 16:03:15,285 [INFO] WebApp:189 - Connection lost
2025-05-13 16:03:15,568 [INFO] WebApp:186 - Connection restablished
2025-05-13 16:03:52,418 [INFO] WebApp:189 - Connection lost
2025-05-13 16:04:04,406 [INFO] WebApp:186 - Connection restablished
2025-05-13 16:04:16,785 [INFO] WebApp:189 - Connection lost
2025-05-13 16:04:23,229 [INFO] WebApp:186 - Connection restablished
2025-05-13 16:04:32,384 [INFO] WebApp:189 - Connection lost
2025-05-13 16:04:42,573 [INFO] WebApp:186 - Connection restablished
2025-05-13 16:04:44,298 [INFO] WebApp:189 - Connection lost
2025-05-13 16:04:44,557 [INFO] WebApp:186 - Connection restablished
2025-05-13 16:04:46,770 [INFO] WebApp:189 - Connection lost
2025-05-13 16:04:47,024 [INFO] WebApp:186 - Connection restablished
2025-05-13 16:05:09,282 [INFO] WebApp:189 - Connection lost
2025-05-13 16:05:09,577 [INFO] WebApp:186 - Connection restablished
2025-05-13 16:05:32,283 [INFO] WebApp:189 - Connection lost
2025-05-13 16:05:32,653 [INFO] WebApp:186 - Connection restablished
2025-05-13 16:05:55,772 [INFO] WebApp:189 - Connection lost
2025-05-13 16:05:56,038 [INFO] WebApp:186 - Connection restablished
2025-05-13 16:06:33,273 [INFO] WebApp:189 - Connection lost
2025-05-13 16:06:33,580 [INFO] WebApp:186 - Connection restablished
2025-05-13 16:06:56,295 [INFO] WebApp:189 - Connection lost
2025-05-13 16:06:57,093 [INFO] WebApp:186 - Connection restablished
2025-05-13 16:07:25,377 [INFO] WebApp:189 - Connection lost
2025-05-13 16:07:25,745 [INFO] WebApp:186 - Connection restablished
2025-05-13 16:07:45,314 [INFO] WebApp:189 - Connection lost
2025-05-13 16:07:45,561 [INFO] WebApp:186 - Connection restablished
2025-05-13 16:09:12,814 [INFO] WebApp:189 - Connection lost
2025-05-13 16:09:13,270 [INFO] WebApp:186 - Connection restablished
2025-05-13 16:09:47,286 [INFO] WebApp:189 - Connection lost
2025-05-13 16:09:48,185 [INFO] WebApp:186 - Connection restablished
2025-05-13 16:10:11,268 [INFO] WebApp:189 - Connection lost
2025-05-13 16:10:11,641 [INFO] WebApp:186 - Connection restablished
2025-05-13 16:10:33,798 [INFO] WebApp:189 - Connection lost
2025-05-13 16:10:34,140 [INFO] WebApp:186 - Connection restablished
2025-05-13 16:11:03,271 [INFO] WebApp:189 - Connection lost
2025-05-13 16:11:03,532 [INFO] WebApp:186 - Connection restablished
2025-05-13 16:11:43,777 [INFO] WebApp:189 - Connection lost
2025-05-13 16:11:44,162 [INFO] WebApp:186 - Connection restablished
2025-05-13 16:12:05,796 [INFO] WebApp:189 - Connection lost
2025-05-13 16:12:06,109 [INFO] WebApp:186 - Connection restablished
2025-05-13 16:12:35,793 [INFO] WebApp:189 - Connection lost
2025-05-13 16:12:36,615 [INFO] WebApp:186 - Connection restablished
2025-05-13 16:13:08,304 [INFO] WebApp:189 - Connection lost
2025-05-13 16:13:08,731 [INFO] WebApp:186 - Connection restablished
2025-05-13 16:13:30,286 [INFO] WebApp:189 - Connection lost
2025-05-13 16:13:30,540 [INFO] WebApp:186 - Connection restablished
2025-05-13 16:13:52,903 [INFO] WebApp:189 - Connection lost
2025-05-13 16:13:53,591 [INFO] WebApp:186 - Connection restablished
2025-05-13 16:14:35,293 [INFO] WebApp:189 - Connection lost
2025-05-13 16:14:35,604 [INFO] WebApp:186 - Connection restablished
2025-05-13 16:15:16,309 [INFO] WebApp:189 - Connection lost
2025-05-13 16:15:16,782 [INFO] WebApp:186 - Connection restablished
2025-05-13 16:15:40,303 [INFO] WebApp:189 - Connection lost
2025-05-13 16:15:40,565 [INFO] WebApp:186 - Connection restablished
2025-05-13 16:16:02,816 [INFO] WebApp:189 - Connection lost
2025-05-13 16:16:03,117 [INFO] WebApp:186 - Connection restablished
2025-05-13 16:16:34,818 [INFO] WebApp:189 - Connection lost
2025-05-13 16:16:35,155 [INFO] WebApp:186 - Connection restablished
2025-05-13 16:17:09,776 [INFO] WebApp:189 - Connection lost
2025-05-13 16:17:10,676 [INFO] WebApp:186 - Connection restablished
2025-05-13 16:17:39,310 [INFO] WebApp:189 - Connection lost
2025-05-13 16:17:39,568 [INFO] WebApp:186 - Connection restablished
2025-05-13 16:18:02,787 [INFO] WebApp:189 - Connection lost
2025-05-13 16:18:03,054 [INFO] WebApp:186 - Connection restablished
2025-05-13 16:18:33,292 [INFO] WebApp:189 - Connection lost
2025-05-13 16:18:33,700 [INFO] WebApp:186 - Connection restablished
2025-05-13 16:19:09,278 [INFO] WebApp:189 - Connection lost
2025-05-13 16:19:09,606 [INFO] WebApp:186 - Connection restablished
2025-05-13 16:19:33,365 [INFO] WebApp:189 - Connection lost
2025-05-13 16:19:33,622 [INFO] WebApp:186 - Connection restablished
2025-05-13 16:20:00,310 [INFO] WebApp:189 - Connection lost
2025-05-13 16:20:00,609 [INFO] WebApp:186 - Connection restablished
2025-05-13 16:20:47,816 [INFO] WebApp:189 - Connection lost
2025-05-13 16:20:48,157 [INFO] WebApp:186 - Connection restablished
2025-05-13 16:21:19,290 [INFO] WebApp:189 - Connection lost
2025-05-13 16:21:19,725 [INFO] WebApp:186 - Connection restablished
2025-05-13 16:21:38,810 [INFO] WebApp:189 - Connection lost
2025-05-13 16:21:39,298 [INFO] WebApp:186 - Connection restablished
2025-05-13 16:22:10,294 [INFO] WebApp:189 - Connection lost
2025-05-13 16:22:10,648 [INFO] WebApp:186 - Connection restablished
2025-05-13 16:22:32,793 [INFO] WebApp:189 - Connection lost
2025-05-13 16:22:33,058 [INFO] WebApp:186 - Connection restablished
2025-05-13 16:23:09,352 [INFO] WebApp:189 - Connection lost
2025-05-13 16:23:09,721 [INFO] WebApp:186 - Connection restablished
2025-05-13 16:23:58,795 [INFO] WebApp:189 - Connection lost
2025-05-13 16:23:59,312 [INFO] WebApp:186 - Connection restablished
2025-05-13 16:24:32,777 [INFO] WebApp:189 - Connection lost
2025-05-13 16:24:33,088 [INFO] WebApp:186 - Connection restablished
2025-05-13 16:25:02,286 [INFO] WebApp:189 - Connection lost
2025-05-13 16:25:02,558 [INFO] WebApp:186 - Connection restablished
2025-05-13 16:25:38,803 [INFO] WebApp:189 - Connection lost
2025-05-13 16:25:39,057 [INFO] WebApp:186 - Connection restablished
2025-05-13 16:26:15,323 [INFO] WebApp:189 - Connection lost
2025-05-13 16:26:15,756 [INFO] WebApp:186 - Connection restablished
2025-05-13 16:26:41,300 [INFO] WebApp:189 - Connection lost
2025-05-13 16:26:41,685 [INFO] WebApp:186 - Connection restablished
2025-05-13 16:27:19,132 [INFO] WebApp:189 - Connection lost
2025-05-13 16:27:29,131 [INFO] WebApp:186 - Connection restablished
2025-05-13 16:28:17,384 [INFO] WebApp:189 - Connection lost
2025-05-13 16:28:33,136 [INFO] WebApp:186 - Connection restablished
2025-05-13 16:28:34,249 [INFO] WebApp:189 - Connection lost
2025-05-13 16:28:34,499 [INFO] WebApp:186 - Connection restablished
2025-05-13 16:29:14,310 [INFO] WebApp:189 - Connection lost
2025-05-13 16:29:15,076 [INFO] WebApp:186 - Connection restablished
2025-05-13 16:29:38,307 [INFO] WebApp:189 - Connection lost
2025-05-13 16:29:38,643 [INFO] WebApp:186 - Connection restablished
2025-05-13 16:30:00,789 [INFO] WebApp:189 - Connection lost
2025-05-13 16:30:01,132 [INFO] WebApp:186 - Connection restablished
2025-05-13 16:30:17,301 [INFO] WebApp:189 - Connection lost
2025-05-13 16:30:18,387 [INFO] WebApp:186 - Connection restablished
2025-05-13 16:30:29,818 [INFO] WebApp:189 - Connection lost
2025-05-13 16:30:30,673 [INFO] WebApp:186 - Connection restablished
2025-05-13 16:31:00,784 [INFO] WebApp:189 - Connection lost
2025-05-13 16:31:01,283 [INFO] WebApp:186 - Connection restablished
2025-05-13 16:31:36,809 [INFO] WebApp:189 - Connection lost
2025-05-13 16:31:37,150 [INFO] WebApp:186 - Connection restablished
2025-05-13 16:35:35,626 [INFO] WebApp:189 - Connection lost
2025-05-13 16:35:37,246 [INFO] WebApp:186 - Connection restablished
2025-05-13 16:35:43,263 [INFO] WebApp:189 - Connection lost
2025-05-13 16:35:43,513 [INFO] WebApp:186 - Connection restablished
2025-05-13 16:36:13,290 [INFO] WebApp:189 - Connection lost
2025-05-13 16:36:13,743 [INFO] WebApp:186 - Connection restablished
2025-05-13 16:36:47,798 [INFO] WebApp:189 - Connection lost
2025-05-13 16:36:48,120 [INFO] WebApp:186 - Connection restablished
2025-05-13 16:37:19,271 [INFO] WebApp:189 - Connection lost
2025-05-13 16:37:20,104 [INFO] WebApp:186 - Connection restablished
2025-05-13 16:37:46,329 [INFO] WebApp:189 - Connection lost
2025-05-13 16:37:46,597 [INFO] WebApp:186 - Connection restablished
2025-05-13 16:38:13,807 [INFO] WebApp:189 - Connection lost
2025-05-13 16:38:14,077 [INFO] WebApp:186 - Connection restablished
2025-05-13 16:38:41,827 [INFO] WebApp:189 - Connection lost
2025-05-13 16:38:42,074 [INFO] WebApp:186 - Connection restablished
2025-05-13 16:39:10,296 [INFO] WebApp:189 - Connection lost
2025-05-13 16:39:10,545 [INFO] WebApp:186 - Connection restablished
2025-05-13 16:39:30,320 [INFO] WebApp:189 - Connection lost
2025-05-13 16:39:30,654 [INFO] WebApp:186 - Connection restablished
2025-05-13 16:40:05,786 [INFO] WebApp:189 - Connection lost
2025-05-13 16:40:06,083 [INFO] WebApp:186 - Connection restablished
2025-05-13 16:40:50,285 [INFO] WebApp:189 - Connection lost
2025-05-13 16:40:50,725 [INFO] WebApp:186 - Connection restablished
2025-05-13 16:41:21,361 [INFO] WebApp:189 - Connection lost
2025-05-13 16:41:21,870 [INFO] WebApp:186 - Connection restablished
2025-05-13 16:41:40,799 [INFO] WebApp:189 - Connection lost
2025-05-13 16:41:41,080 [INFO] WebApp:186 - Connection restablished
2025-05-13 16:42:28,821 [INFO] WebApp:189 - Connection lost
2025-05-13 16:42:29,128 [INFO] WebApp:186 - Connection restablished
2025-05-13 16:43:00,829 [INFO] WebApp:189 - Connection lost
2025-05-13 16:43:01,248 [INFO] WebApp:186 - Connection restablished
2025-05-13 16:43:33,319 [INFO] WebApp:189 - Connection lost
2025-05-13 16:43:33,632 [INFO] WebApp:186 - Connection restablished
2025-05-13 16:44:03,797 [INFO] WebApp:189 - Connection lost
2025-05-13 16:44:04,136 [INFO] WebApp:186 - Connection restablished
2025-05-13 16:44:25,802 [INFO] WebApp:189 - Connection lost
2025-05-13 16:44:26,202 [INFO] WebApp:186 - Connection restablished
2025-05-13 16:44:59,294 [INFO] WebApp:189 - Connection lost
2025-05-13 16:44:59,771 [INFO] WebApp:186 - Connection restablished
2025-05-13 16:45:25,288 [INFO] WebApp:189 - Connection lost
2025-05-13 16:45:25,595 [INFO] WebApp:186 - Connection restablished
2025-05-13 16:45:47,850 [INFO] WebApp:189 - Connection lost
2025-05-13 16:45:48,166 [INFO] WebApp:186 - Connection restablished
2025-05-13 16:46:23,327 [INFO] WebApp:189 - Connection lost
2025-05-13 16:46:24,124 [INFO] WebApp:186 - Connection restablished
2025-05-13 16:46:41,786 [INFO] WebApp:189 - Connection lost
2025-05-13 16:46:42,035 [INFO] WebApp:186 - Connection restablished
2025-05-13 16:47:10,280 [INFO] WebApp:189 - Connection lost
2025-05-13 16:47:10,519 [INFO] WebApp:186 - Connection restablished
2025-05-13 16:47:32,282 [INFO] WebApp:189 - Connection lost
2025-05-13 16:47:32,619 [INFO] WebApp:186 - Connection restablished
2025-05-13 16:47:55,815 [INFO] WebApp:189 - Connection lost
2025-05-13 16:47:56,080 [INFO] WebApp:186 - Connection restablished
2025-05-13 16:48:28,345 [INFO] WebApp:189 - Connection lost
2025-05-13 16:48:28,667 [INFO] WebApp:186 - Connection restablished
2025-05-13 16:49:06,812 [INFO] WebApp:189 - Connection lost
2025-05-13 16:49:07,129 [INFO] WebApp:186 - Connection restablished
2025-05-13 16:49:24,298 [INFO] WebApp:189 - Connection lost
2025-05-13 16:49:25,188 [INFO] WebApp:186 - Connection restablished
2025-05-13 16:49:58,785 [INFO] WebApp:189 - Connection lost
2025-05-13 16:49:59,111 [INFO] WebApp:186 - Connection restablished
2025-05-13 16:50:29,766 [INFO] WebApp:189 - Connection lost
2025-05-13 16:50:30,088 [INFO] WebApp:186 - Connection restablished
2025-05-13 16:51:06,800 [INFO] WebApp:189 - Connection lost
2025-05-13 16:51:07,648 [INFO] WebApp:186 - Connection restablished
2025-05-13 16:51:41,302 [INFO] WebApp:189 - Connection lost
2025-05-13 16:51:41,609 [INFO] WebApp:186 - Connection restablished
2025-05-13 16:51:59,399 [INFO] WebApp:189 - Connection lost
2025-05-13 16:51:59,751 [INFO] WebApp:186 - Connection restablished
2025-05-13 16:52:29,291 [INFO] WebApp:189 - Connection lost
2025-05-13 16:52:29,590 [INFO] WebApp:186 - Connection restablished
2025-05-13 16:52:51,318 [INFO] WebApp:189 - Connection lost
2025-05-13 16:52:52,090 [INFO] WebApp:186 - Connection restablished
2025-05-13 16:53:30,307 [INFO] WebApp:189 - Connection lost
2025-05-13 16:53:30,662 [INFO] WebApp:186 - Connection restablished
2025-05-13 16:54:42,272 [INFO] WebApp:189 - Connection lost
2025-05-13 16:54:42,643 [INFO] WebApp:186 - Connection restablished
2025-05-13 16:54:59,782 [INFO] WebApp:189 - Connection lost
2025-05-13 16:55:00,997 [INFO] WebApp:186 - Connection restablished
2025-05-13 16:55:22,282 [INFO] WebApp:189 - Connection lost
2025-05-13 16:55:23,530 [INFO] WebApp:186 - Connection restablished
2025-05-13 16:55:44,302 [INFO] WebApp:189 - Connection lost
2025-05-13 16:55:44,764 [INFO] WebApp:186 - Connection restablished
2025-05-13 16:56:06,294 [INFO] WebApp:189 - Connection lost
2025-05-13 16:56:06,700 [INFO] WebApp:186 - Connection restablished
2025-05-13 16:56:35,780 [INFO] WebApp:189 - Connection lost
2025-05-13 16:56:36,612 [INFO] WebApp:186 - Connection restablished
2025-05-13 17:18:03,107 [INFO] WebApp:189 - Connection lost
2025-05-13 17:32:12,621 [INFO] WebApp:186 - Connection restablished
2025-05-13 17:34:43,298 [INFO] WebApp:189 - Connection lost
2025-05-13 17:34:43,774 [INFO] WebApp:186 - Connection restablished
2025-05-13 17:36:20,794 [INFO] WebApp:189 - Connection lost
2025-05-13 17:36:21,129 [INFO] WebApp:186 - Connection restablished
2025-05-13 17:37:39,824 [INFO] WebApp:189 - Connection lost
2025-05-13 17:37:40,810 [INFO] WebApp:186 - Connection restablished
2025-05-13 17:38:02,278 [INFO] WebApp:189 - Connection lost
2025-05-13 17:38:02,541 [INFO] WebApp:186 - Connection restablished
2025-05-13 17:40:06,769 [INFO] WebApp:189 - Connection lost
2025-05-13 17:40:07,096 [INFO] WebApp:186 - Connection restablished
2025-05-13 17:40:50,804 [INFO] WebApp:189 - Connection lost
2025-05-13 17:40:51,749 [INFO] WebApp:186 - Connection restablished
2025-05-13 17:41:29,355 [INFO] WebApp:189 - Connection lost
2025-05-13 17:44:12,672 [INFO] WebApp:186 - Connection restablished
2025-05-13 17:44:18,791 [INFO] WebApp:189 - Connection lost
2025-05-13 17:44:19,377 [INFO] WebApp:186 - Connection restablished
2025-05-13 17:44:33,126 [INFO] WebApp:189 - Connection lost
2025-05-13 17:44:33,386 [INFO] WebApp:186 - Connection restablished
2025-05-13 17:44:41,747 [INFO] WebApp:189 - Connection lost
2025-05-13 17:45:29,472 [INFO] WebApp:186 - Connection restablished
2025-05-13 17:45:31,262 [INFO] WebApp:189 - Connection lost
2025-05-13 17:45:31,532 [INFO] WebApp:186 - Connection restablished
2025-05-13 17:46:25,293 [INFO] WebApp:189 - Connection lost
2025-05-13 17:46:25,710 [INFO] WebApp:186 - Connection restablished
2025-05-13 17:47:14,287 [INFO] WebApp:189 - Connection lost
2025-05-13 17:47:14,596 [INFO] WebApp:186 - Connection restablished
2025-05-13 17:49:05,290 [INFO] WebApp:189 - Connection lost
2025-05-13 17:49:05,672 [INFO] WebApp:186 - Connection restablished
2025-05-13 17:49:55,796 [INFO] WebApp:189 - Connection lost
2025-05-13 17:49:56,227 [INFO] WebApp:186 - Connection restablished
2025-05-13 17:51:34,295 [INFO] WebApp:189 - Connection lost
2025-05-13 17:51:34,642 [INFO] WebApp:186 - Connection restablished
2025-05-13 17:52:21,792 [INFO] WebApp:189 - Connection lost
2025-05-13 17:52:22,114 [INFO] WebApp:186 - Connection restablished
2025-05-13 17:53:16,274 [INFO] WebApp:189 - Connection lost
2025-05-13 17:53:16,605 [INFO] WebApp:186 - Connection restablished
2025-05-13 17:53:54,267 [INFO] WebApp:189 - Connection lost
2025-05-13 17:53:54,606 [INFO] WebApp:186 - Connection restablished
2025-05-13 17:54:17,304 [INFO] WebApp:189 - Connection lost
2025-05-13 17:54:17,571 [INFO] WebApp:186 - Connection restablished
2025-05-13 17:54:56,788 [INFO] WebApp:189 - Connection lost
2025-05-13 17:54:57,707 [INFO] WebApp:186 - Connection restablished
2025-05-13 17:55:27,307 [INFO] WebApp:189 - Connection lost
2025-05-13 17:55:27,744 [INFO] WebApp:186 - Connection restablished
2025-05-13 17:57:51,795 [INFO] WebApp:189 - Connection lost
2025-05-13 17:57:52,111 [INFO] WebApp:186 - Connection restablished
2025-05-13 17:59:17,771 [INFO] WebApp:189 - Connection lost
2025-05-13 17:59:18,219 [INFO] WebApp:186 - Connection restablished
2025-05-13 17:59:46,768 [INFO] WebApp:189 - Connection lost
2025-05-13 17:59:47,021 [INFO] WebApp:186 - Connection restablished
2025-05-13 18:00:21,784 [INFO] WebApp:189 - Connection lost
2025-05-13 18:00:22,094 [INFO] WebApp:186 - Connection restablished
2025-05-13 18:00:44,878 [INFO] WebApp:189 - Connection lost
2025-05-13 18:00:45,255 [INFO] WebApp:186 - Connection restablished
2025-05-13 18:01:26,313 [INFO] WebApp:189 - Connection lost
2025-05-13 18:01:26,651 [INFO] WebApp:186 - Connection restablished
2025-05-13 18:01:53,278 [INFO] WebApp:189 - Connection lost
2025-05-13 18:01:53,667 [INFO] WebApp:186 - Connection restablished
2025-05-13 18:10:47,320 [INFO] WebApp:189 - Connection lost
2025-05-13 18:10:47,637 [INFO] WebApp:186 - Connection restablished
2025-05-13 18:11:53,804 [INFO] WebApp:189 - Connection lost
2025-05-13 18:11:54,118 [INFO] WebApp:186 - Connection restablished
2025-05-13 18:12:31,814 [INFO] WebApp:189 - Connection lost
2025-05-13 18:12:32,151 [INFO] WebApp:186 - Connection restablished
2025-05-13 18:14:32,315 [INFO] WebApp:189 - Connection lost
2025-05-13 18:14:32,633 [INFO] WebApp:186 - Connection restablished
2025-05-13 18:15:07,340 [INFO] WebApp:189 - Connection lost
2025-05-13 18:15:07,697 [INFO] WebApp:186 - Connection restablished
2025-05-13 18:16:24,815 [INFO] WebApp:189 - Connection lost
2025-05-13 18:16:25,310 [INFO] WebApp:186 - Connection restablished
2025-05-13 18:18:45,822 [INFO] WebApp:189 - Connection lost
2025-05-13 18:18:46,241 [INFO] WebApp:186 - Connection restablished
2025-05-13 18:19:26,289 [INFO] WebApp:189 - Connection lost
2025-05-13 18:19:26,615 [INFO] WebApp:186 - Connection restablished
2025-05-13 18:20:40,313 [INFO] WebApp:189 - Connection lost
2025-05-13 18:20:41,168 [INFO] WebApp:186 - Connection restablished
2025-05-13 18:22:22,808 [INFO] WebApp:189 - Connection lost
2025-05-13 18:22:23,149 [INFO] WebApp:186 - Connection restablished
2025-05-13 18:22:46,286 [INFO] WebApp:189 - Connection lost
2025-05-13 18:22:46,588 [INFO] WebApp:186 - Connection restablished
2025-05-13 18:23:26,284 [INFO] WebApp:189 - Connection lost
2025-05-13 18:23:26,626 [INFO] WebApp:186 - Connection restablished
2025-05-13 18:23:49,289 [INFO] WebApp:189 - Connection lost
2025-05-13 18:23:49,552 [INFO] WebApp:186 - Connection restablished
2025-05-13 18:25:26,809 [INFO] WebApp:189 - Connection lost
2025-05-13 18:25:27,120 [INFO] WebApp:186 - Connection restablished
2025-05-13 18:26:11,791 [INFO] WebApp:189 - Connection lost
2025-05-13 18:26:12,117 [INFO] WebApp:186 - Connection restablished
2025-05-13 18:26:39,782 [INFO] WebApp:189 - Connection lost
2025-05-13 18:26:40,246 [INFO] WebApp:186 - Connection restablished
2025-05-13 18:28:21,777 [INFO] WebApp:189 - Connection lost
2025-05-13 18:28:22,098 [INFO] WebApp:186 - Connection restablished
2025-05-13 18:28:40,270 [INFO] WebApp:189 - Connection lost
2025-05-13 18:28:41,078 [INFO] WebApp:186 - Connection restablished
2025-05-13 18:29:38,298 [INFO] WebApp:189 - Connection lost
2025-05-13 18:29:38,621 [INFO] WebApp:186 - Connection restablished
2025-05-13 18:30:38,418 [INFO] WebApp:189 - Connection lost
2025-05-13 18:30:38,760 [INFO] WebApp:186 - Connection restablished
2025-05-13 19:05:09,756 [INFO] WebApp:189 - Connection lost
2025-05-13 19:05:10,081 [INFO] WebApp:186 - Connection restablished
2025-05-13 19:08:48,794 [INFO] WebApp:189 - Connection lost
2025-05-13 19:08:49,645 [INFO] WebApp:186 - Connection restablished
2025-05-13 19:11:44,778 [INFO] WebApp:189 - Connection lost
2025-05-13 19:11:45,128 [INFO] WebApp:186 - Connection restablished
2025-05-13 19:14:27,796 [INFO] WebApp:189 - Connection lost
2025-05-13 19:14:28,296 [INFO] WebApp:186 - Connection restablished
2025-05-13 19:16:04,284 [INFO] WebApp:189 - Connection lost
2025-05-13 19:16:05,282 [INFO] WebApp:186 - Connection restablished
2025-05-13 19:16:46,792 [INFO] WebApp:189 - Connection lost
2025-05-13 19:16:47,265 [INFO] WebApp:186 - Connection restablished
2025-05-13 19:17:15,815 [INFO] WebApp:189 - Connection lost
2025-05-13 19:17:16,090 [INFO] WebApp:186 - Connection restablished
2025-05-13 19:17:38,303 [INFO] WebApp:189 - Connection lost
2025-05-13 19:17:38,574 [INFO] WebApp:186 - Connection restablished
2025-05-13 19:18:05,755 [INFO] WebApp:189 - Connection lost
2025-05-13 19:18:06,030 [INFO] WebApp:186 - Connection restablished
2025-05-13 19:19:32,789 [INFO] WebApp:189 - Connection lost
2025-05-13 19:19:33,240 [INFO] WebApp:186 - Connection restablished
2025-05-13 19:20:01,788 [INFO] WebApp:189 - Connection lost
2025-05-13 19:20:02,740 [INFO] WebApp:186 - Connection restablished
2025-05-13 19:21:11,806 [INFO] WebApp:189 - Connection lost
2025-05-13 19:21:12,287 [INFO] WebApp:186 - Connection restablished
2025-05-13 19:22:55,318 [INFO] WebApp:189 - Connection lost
2025-05-13 19:22:55,657 [INFO] WebApp:186 - Connection restablished
2025-05-13 19:23:30,796 [INFO] WebApp:189 - Connection lost
2025-05-13 19:23:31,251 [INFO] WebApp:186 - Connection restablished
2025-05-13 19:24:36,280 [INFO] WebApp:189 - Connection lost
2025-05-13 19:24:36,741 [INFO] WebApp:186 - Connection restablished
2025-05-13 19:25:38,783 [INFO] WebApp:189 - Connection lost
2025-05-13 19:25:39,248 [INFO] WebApp:186 - Connection restablished
2025-05-13 19:26:10,785 [INFO] WebApp:189 - Connection lost
2025-05-13 19:26:11,126 [INFO] WebApp:186 - Connection restablished
2025-05-13 19:26:56,760 [INFO] WebApp:189 - Connection lost
2025-05-13 19:26:57,584 [INFO] WebApp:186 - Connection restablished
2025-05-13 19:27:39,273 [INFO] WebApp:189 - Connection lost
2025-05-13 19:27:39,733 [INFO] WebApp:186 - Connection restablished
2025-05-13 19:28:12,776 [INFO] WebApp:189 - Connection lost
2025-05-13 19:28:13,115 [INFO] WebApp:186 - Connection restablished
2025-05-13 19:28:57,789 [INFO] WebApp:189 - Connection lost
2025-05-13 19:28:58,154 [INFO] WebApp:186 - Connection restablished
2025-05-13 19:30:01,270 [INFO] WebApp:189 - Connection lost
2025-05-13 19:30:01,588 [INFO] WebApp:186 - Connection restablished
2025-05-13 19:30:34,274 [INFO] WebApp:189 - Connection lost
2025-05-13 19:30:34,602 [INFO] WebApp:186 - Connection restablished
2025-05-13 19:31:03,778 [INFO] WebApp:189 - Connection lost
2025-05-13 19:31:04,169 [INFO] WebApp:186 - Connection restablished
2025-05-13 19:32:56,299 [INFO] WebApp:189 - Connection lost
2025-05-13 19:32:56,771 [INFO] WebApp:186 - Connection restablished
2025-05-13 19:33:36,280 [INFO] WebApp:189 - Connection lost
2025-05-13 19:33:36,630 [INFO] WebApp:186 - Connection restablished
2025-05-13 19:34:00,794 [INFO] WebApp:189 - Connection lost
2025-05-13 19:34:01,049 [INFO] WebApp:186 - Connection restablished
2025-05-13 19:34:48,776 [INFO] WebApp:189 - Connection lost
2025-05-13 19:34:49,107 [INFO] WebApp:186 - Connection restablished
2025-05-13 19:35:58,783 [INFO] WebApp:189 - Connection lost
2025-05-13 19:35:59,302 [INFO] WebApp:186 - Connection restablished
2025-05-13 19:36:52,074 [INFO] WebApp:189 - Connection lost
2025-05-13 19:39:07,127 [INFO] WebApp:186 - Connection restablished
2025-05-13 19:40:05,760 [INFO] WebApp:189 - Connection lost
2025-05-13 19:40:06,602 [INFO] WebApp:186 - Connection restablished
2025-05-13 19:40:56,291 [INFO] WebApp:189 - Connection lost
2025-05-13 19:40:57,216 [INFO] WebApp:186 - Connection restablished
2025-05-13 19:41:57,365 [INFO] WebApp:189 - Connection lost
2025-05-13 19:44:03,743 [INFO] WebApp:186 - Connection restablished
2025-05-13 19:46:07,818 [INFO] WebApp:189 - Connection lost
2025-05-13 19:46:08,235 [INFO] WebApp:186 - Connection restablished
2025-05-13 19:47:46,285 [INFO] WebApp:189 - Connection lost
2025-05-13 19:47:46,605 [INFO] WebApp:186 - Connection restablished
2025-05-13 19:48:46,276 [INFO] WebApp:189 - Connection lost
2025-05-13 19:48:46,725 [INFO] WebApp:186 - Connection restablished
2025-05-13 19:49:30,276 [INFO] WebApp:189 - Connection lost
2025-05-13 19:49:30,629 [INFO] WebApp:186 - Connection restablished
2025-05-13 19:49:52,915 [INFO] WebApp:189 - Connection lost
2025-05-13 19:49:53,270 [INFO] WebApp:186 - Connection restablished
2025-05-13 19:50:41,508 [INFO] WebApp:189 - Connection lost
2025-05-13 19:52:03,261 [INFO] WebApp:186 - Connection restablished
2025-05-13 19:52:49,981 [INFO] WebApp:189 - Connection lost
2025-05-13 21:49:44,649 [INFO] WebApp:388 - JxBrowser engine has been closed 
2025-05-13 21:49:46,659 [ERROR] LogOutputStream:75 - [STDERR_REDIRECT] 
