2025-05-07 11:59:47,184 [INFO] WebApp:186 - Connection restablished
2025-05-07 11:59:47,549 [INFO] WebApp:189 - Connection lost
2025-05-07 11:59:47,694 [INFO] WebApp:186 - Connection restablished
2025-05-07 11:59:50,481 [INFO] WebApp:189 - Connection lost
2025-05-07 11:59:50,733 [INFO] WebApp:186 - Connection restablished
2025-05-07 12:01:35,978 [INFO] WebApp:189 - Connection lost
2025-05-07 12:01:36,781 [INFO] WebApp:186 - Connection restablished
2025-05-07 13:02:53,384 [INFO] WebApp:189 - Connection lost
2025-05-07 14:28:21,682 [INFO] WebApp:186 - Connection restablished
2025-05-07 14:28:23,477 [INFO] WebApp:189 - Connection lost
2025-05-07 14:28:23,728 [INFO] WebApp:186 - Connection restablished
2025-05-07 14:28:25,956 [INFO] WebApp:189 - Connection lost
2025-05-07 14:28:26,199 [INFO] WebApp:186 - Connection restablished
2025-05-07 14:30:12,487 [INFO] WebApp:189 - Connection lost
2025-05-07 14:30:12,797 [INFO] WebApp:186 - Connection restablished
2025-05-07 15:00:52,634 [INFO] MainUpdater:2873 - connection check result : 10
2025-05-07 15:00:53,157 [INFO] McuFinderGlobals:76 - Set McuFinderConnectedMode to true
2025-05-07 15:00:53,189 [INFO] MultiScanPanel:200 - Auto-refresh data requested => check proxy status ongoing
2025-05-07 15:00:53,202 [INFO] FinderPluginLoader:95 - Searching for filters in installed packs
2025-05-07 15:00:55,708 [INFO] LoadUrlFilesThread:185 - End of LoadServerUrlFiles without Thread
2025-05-07 15:00:55,853 [INFO] DetailPanel:341 - Set advertising image to C:/Users/talur/STM32Cube/Repository/\en.prom-stm32u3-mcu-finder.jpg
2025-05-07 15:01:01,202 [INFO] MultiScanPanel:200 - Auto-refresh data requested => check proxy status ongoing
2025-05-07 15:01:01,403 [INFO] LoadUrlFilesThread:185 - End of LoadServerUrlFiles without Thread
2025-05-07 15:01:01,403 [INFO] DetailPanel:341 - Set advertising image to C:/Users/talur/STM32Cube/Repository/\en.prom-stm32u3-mcu-finder.jpg
2025-05-07 15:01:01,421 [INFO] DbBoards:642 - Loading board mini-images...
2025-05-07 15:01:05,874 [INFO] DbBoards:665 - Loaded 210 board mini-images
2025-05-07 15:02:20,960 [INFO] MainUpdater:2873 - connection check result : 10
2025-05-07 15:02:20,960 [INFO] MainUpdater:2873 - connection check result : 10
2025-05-07 15:02:21,236 [INFO] MicroXplorer:468 - Change Database Path : 
2025-05-07 15:02:21,236 [INFO] MicroXplorer:498 - Change Database Version : DB.6.0.121
2025-05-07 15:02:21,267 [ERROR] ProjectManagerView:394 - 
java.lang.NullPointerException: Cannot invoke "javax.swing.JTextField.getText()" because the return value of "java.util.List.get(int)" is null
	at com.st.microxplorer.plugins.projectmanager.gui.ProjectChoiceTab$10.caretUpdate(ProjectChoiceTab.java:2622) ~[filemanager.jar:?]
	at javax.swing.text.JTextComponent.fireCaretUpdate(JTextComponent.java:412) ~[?:?]
	at javax.swing.text.JTextComponent$MutableCaretEvent.fire(JTextComponent.java:4491) ~[?:?]
	at javax.swing.text.JTextComponent$MutableCaretEvent.stateChanged(JTextComponent.java:4513) ~[?:?]
	at javax.swing.text.DefaultCaret.fireStateChanged(DefaultCaret.java:842) ~[?:?]
	at javax.swing.text.DefaultCaret.changeCaretPosition(DefaultCaret.java:1313) ~[?:?]
	at javax.swing.text.DefaultCaret.handleSetDot(DefaultCaret.java:1212) ~[?:?]
	at javax.swing.text.DefaultCaret.setDot(DefaultCaret.java:1193) ~[?:?]
	at javax.swing.text.DefaultCaret$Handler.insertUpdate(DefaultCaret.java:1789) ~[?:?]
	at javax.swing.text.AbstractDocument.fireInsertUpdate(AbstractDocument.java:226) ~[?:?]
	at javax.swing.text.AbstractDocument.handleInsertString(AbstractDocument.java:780) ~[?:?]
	at javax.swing.text.AbstractDocument.insertString(AbstractDocument.java:739) ~[?:?]
	at javax.swing.text.PlainDocument.insertString(PlainDocument.java:131) ~[?:?]
	at javax.swing.text.AbstractDocument.replace(AbstractDocument.java:698) ~[?:?]
	at javax.swing.text.JTextComponent.setText(JTextComponent.java:1729) ~[?:?]
	at com.st.microxplorer.plugins.projectmanager.gui.ProjectChoiceTab.createHeapStackFields(ProjectChoiceTab.java:972) ~[filemanager.jar:?]
	at com.st.microxplorer.plugins.projectmanager.gui.ProjectChoiceTab.buildLinkSettingsPanel(ProjectChoiceTab.java:3597) ~[filemanager.jar:?]
	at com.st.microxplorer.plugins.projectmanager.gui.ProjectChoiceTab.defineWindowsFields(ProjectChoiceTab.java:1940) ~[filemanager.jar:?]
	at com.st.microxplorer.plugins.projectmanager.gui.ProjectChoiceTab.updateSettings(ProjectChoiceTab.java:550) ~[filemanager.jar:?]
	at com.st.microxplorer.plugins.projectmanager.gui.ProjectSettingsPanel.UpdateDialog(ProjectSettingsPanel.java:245) ~[filemanager.jar:?]
	at com.st.microxplorer.plugins.projectmanager.ProjectManagerView.propertyChange(ProjectManagerView.java:391) ~[filemanager.jar:?]
	at java.beans.PropertyChangeSupport.fire(PropertyChangeSupport.java:343) ~[?:?]
	at java.beans.PropertyChangeSupport.firePropertyChange(PropertyChangeSupport.java:335) ~[?:?]
	at java.beans.PropertyChangeSupport.firePropertyChange(PropertyChangeSupport.java:268) ~[?:?]
	at com.st.microxplorer.util.MXPropertyChangeSupport.firePropertyChange(MXPropertyChangeSupport.java:54) ~[STM32CubeMX.jar:?]
	at com.st.microxplorer.mxsystem.MxSystem.closeConfig(MxSystem.java:900) ~[STM32CubeMX.jar:?]
	at com.st.microxplorer.maingui.MainPanel.closeConfig(MainPanel.java:781) ~[STM32CubeMX.jar:?]
	at com.st.microxplorer.plugins.filemanager.engine.OpenFileManager.loadConfigurationFile(OpenFileManager.java:265) ~[filemanager.jar:?]
	at com.st.microxplorer.plugins.filemanager.engine.MainFileManager.userLoadConfig(MainFileManager.java:352) ~[filemanager.jar:?]
	at com.st.microxplorer.plugins.filemanager.FileManagerView.getSpecificTask(FileManagerView.java:250) ~[filemanager.jar:?]
	at com.st.stm32cube.common.mx.editor.CubeMxEditor.getMxTabbedPaneInstance(CubeMxEditor.java:1191) ~[com.st.stm32cube.common.mx_6.12.1.202409122256/:?]
	at com.st.stm32cube.common.mx.editor.CubeMxEditor$12$1.createSwingComponent(CubeMxEditor.java:1068) ~[com.st.stm32cube.common.mx_6.12.1.202409122256/:?]
	at com.st.stm32cube.common.mx.oss.core.awtswtbridge.EmbeddedSwingComposite.doComponentCreation(EmbeddedSwingComposite.java:492) ~[com.st.stm32cube.common.mx.oss_6.12.1.202409122256/:?]
	at com.st.stm32cube.common.mx.oss.core.awtswtbridge.EmbeddedSwingComposite$4.run(EmbeddedSwingComposite.java:291) ~[com.st.stm32cube.common.mx.oss_6.12.1.202409122256/:?]
	at com.st.stm32cube.common.mx.oss.core.awtswtbridge.AwtEnvironment$2.run(AwtEnvironment.java:166) ~[com.st.stm32cube.common.mx.oss_6.12.1.202409122256/:?]
	at java.awt.event.InvocationEvent.dispatch(InvocationEvent.java:318) ~[?:?]
	at java.awt.EventQueue.dispatchEventImpl(EventQueue.java:773) ~[?:?]
	at java.awt.EventQueue$4.run(EventQueue.java:720) ~[?:?]
	at java.awt.EventQueue$4.run(EventQueue.java:714) ~[?:?]
	at java.security.AccessController.doPrivileged(AccessController.java:399) ~[?:?]
	at java.security.ProtectionDomain$JavaSecurityAccessImpl.doIntersectionPrivilege(ProtectionDomain.java:86) ~[?:?]
	at java.awt.EventQueue.dispatchEvent(EventQueue.java:742) ~[?:?]
	at java.awt.EventDispatchThread.pumpOneEventForFilters(EventDispatchThread.java:203) ~[?:?]
	at java.awt.EventDispatchThread.pumpEventsForFilter(EventDispatchThread.java:124) ~[?:?]
	at java.awt.EventDispatchThread.pumpEventsForHierarchy(EventDispatchThread.java:113) ~[?:?]
	at java.awt.EventDispatchThread.pumpEvents(EventDispatchThread.java:109) ~[?:?]
	at java.awt.EventDispatchThread.pumpEvents(EventDispatchThread.java:101) ~[?:?]
	at java.awt.EventDispatchThread.run(EventDispatchThread.java:90) ~[?:?]
2025-05-07 15:02:21,282 [WARN] ThirdParty:871 - waiting for thirdparty lock release [close project]
2025-05-07 15:02:21,282 [INFO] ThirdParty:873 - entering critical section [close project]
2025-05-07 15:02:21,282 [INFO] ThirdParty:883 - exiting critical section [close project]
2025-05-07 15:02:21,285 [INFO] PinOutPanel:1561 - setPackage(No Configuration,No Configuration)
2025-05-07 15:02:21,312 [WARN] IpParametersView:151 - Warning: This peripheral hasn't parameters
2025-05-07 15:02:21,341 [WARN] MainPanel:284 - <html><b><center>Warning: This peripheral has no parameters to be configured<br></b></html>
2025-05-07 15:02:21,358 [INFO] UtilMem:75 - Begin LoadConfig() Used Memory: 963662432 Bytes (1073741824)
2025-05-07 15:02:21,361 [INFO] OpenFileManager:332 - Change cursor
2025-05-07 15:02:21,394 [INFO] ProjectFactory:442 - No CPN specified for board STM32F407G-DISC1 => set CPN to STM32F407VGT6
2025-05-07 15:02:21,395 [INFO] Mcu:2032 - Initializing MCU STM32F407V(E-G)Tx STM32F407VGTx STM32F407VGT6
2025-05-07 15:02:23,799 [INFO] Context:742 - Trying to add GPIOservice into a context  which must be forbidden
2025-05-07 15:02:24,233 [INFO] Rule:228 - rule 117617 - U5Cobra4M][GTZC] default value MPCBB3 and MPCBB5 - Not Secured memory - MPCBB1 is applicable
2025-05-07 15:02:24,233 [INFO] Rule:228 - rule 117617 - U5Cobra4M][GTZC] default value MPCBB3 and MPCBB5 - Not Secured memory - MPCBB1 is applicable
2025-05-07 15:02:24,233 [INFO] Rule:228 - rule 117617 - U5Cobra4M][GTZC] default value MPCBB3 and MPCBB5 - Not Secured memory - MPCBB2 is applicable
2025-05-07 15:02:24,233 [INFO] Rule:228 - rule 117617 - U5Cobra4M][GTZC] default value MPCBB3 and MPCBB5 - Not Secured memory - MPCBB2 is applicable
2025-05-07 15:02:24,233 [INFO] Rule:228 - rule 117617 - U5Cobra4M][GTZC] default value MPCBB3 and MPCBB5 - Not Secured memory - MPCBB3 is applicable
2025-05-07 15:02:24,233 [INFO] Rule:228 - rule 117617 - U5Cobra4M][GTZC] default value MPCBB3 and MPCBB5 - Not Secured memory - MPCBB3 is applicable
2025-05-07 15:02:24,233 [INFO] Rule:228 - rule 117617 - U5Cobra4M][GTZC] default value MPCBB3 and MPCBB5 - Not Secured memory - MPCBB4 is applicable
2025-05-07 15:02:24,234 [INFO] Rule:228 - rule 117617 - U5Cobra4M][GTZC] default value MPCBB3 and MPCBB5 - Not Secured memory - MPCBB4 is applicable
2025-05-07 15:02:24,234 [INFO] Rule:228 - rule 117617 - U5Cobra4M][GTZC] default value MPCBB3 and MPCBB5 - Secured memory - MPCBB1 is applicable
2025-05-07 15:02:24,234 [INFO] Rule:228 - rule 117617 - U5Cobra4M][GTZC] default value MPCBB3 and MPCBB5 - Secured memory - MPCBB2 is applicable
2025-05-07 15:02:24,234 [INFO] Rule:228 - rule 117617 - U5Cobra4M][GTZC] default value MPCBB3 and MPCBB5 - Secured memory - MPCBB3 is applicable
2025-05-07 15:02:24,234 [INFO] Rule:228 - rule 117617 - U5Cobra4M][GTZC] default value MPCBB3 and MPCBB5 - Secured memory - MPCBB4 is applicable
2025-05-07 15:02:24,234 [INFO] Rule:228 - rule 117617 - U5Cobra4M][GTZC] default value MPCBB3 and MPCBB5 - Privileged memory - MPCBB1 is applicable
2025-05-07 15:02:24,234 [INFO] Rule:228 - rule 117617 - U5Cobra4M][GTZC] default value MPCBB3 and MPCBB5 - Privileged memory - MPCBB2 is applicable
2025-05-07 15:02:24,234 [INFO] Rule:228 - rule 117617 - U5Cobra4M][GTZC] default value MPCBB3 and MPCBB5 - Privileged memory - MPCBB3 is applicable
2025-05-07 15:02:24,234 [INFO] Rule:228 - rule 117617 - U5Cobra4M][GTZC] default value MPCBB3 and MPCBB5 - Privileged memory - MPCBB4 is applicable
2025-05-07 15:02:24,234 [INFO] Rule:228 - rule 117617 - U5Cobra4M][GTZC] default value MPCBB3 and MPCBB5 - Not Privileged memory - MPCBB1 is applicable
2025-05-07 15:02:24,234 [INFO] Rule:228 - rule 117617 - U5Cobra4M][GTZC] default value MPCBB3 and MPCBB5 - Not Privileged memory - MPCBB2 is applicable
2025-05-07 15:02:24,234 [INFO] Rule:228 - rule 117617 - U5Cobra4M][GTZC] default value MPCBB3 and MPCBB5 - Not Privileged memory - MPCBB3 is applicable
2025-05-07 15:02:24,234 [INFO] Rule:228 - rule 117617 - U5Cobra4M][GTZC] default value MPCBB3 and MPCBB5 - Not Privileged memory - MPCBB4 is applicable
2025-05-07 15:02:24,234 [INFO] Rule:228 - rule 117617 - U5Cobra4M][GTZC] default value MPCBB3 and MPCBB5 - Privileged memory - MPCBB1 is applicable
2025-05-07 15:02:24,234 [INFO] Rule:228 - rule 117617 - U5Cobra4M][GTZC] default value MPCBB3 and MPCBB5 - Privileged memory - MPCBB2 is applicable
2025-05-07 15:02:24,234 [INFO] Rule:228 - rule 117617 - U5Cobra4M][GTZC] default value MPCBB3 and MPCBB5 - Privileged memory - MPCBB3 is applicable
2025-05-07 15:02:24,234 [INFO] Rule:228 - rule 117617 - U5Cobra4M][GTZC] default value MPCBB3 and MPCBB5 - Privileged memory - MPCBB4 is applicable
2025-05-07 15:02:24,234 [INFO] Rule:228 - rule 117617 - U5Cobra4M][GTZC] default value MPCBB3 and MPCBB5 - Privileged memory - MPCBB1 is applicable
2025-05-07 15:02:24,234 [INFO] Rule:228 - rule 117617 - U5Cobra4M][GTZC] default value MPCBB3 and MPCBB5 - Privileged memory - MPCBB2 is applicable
2025-05-07 15:02:24,234 [INFO] Rule:228 - rule 117617 - U5Cobra4M][GTZC] default value MPCBB3 and MPCBB5 - Privileged memory - MPCBB3 is applicable
2025-05-07 15:02:24,234 [INFO] Rule:228 - rule 117617 - U5Cobra4M][GTZC] default value MPCBB3 and MPCBB5 - Privileged memory - MPCBB4 is applicable
2025-05-07 15:02:24,234 [INFO] Rule:228 - rule 117617 - U5Cobra4M][GTZC] default value MPCBB3 and MPCBB5 - Not Privileged memory - MPCBB1 is applicable
2025-05-07 15:02:24,234 [INFO] Rule:228 - rule 117617 - U5Cobra4M][GTZC] default value MPCBB3 and MPCBB5 - Not Privileged memory - MPCBB2 is applicable
2025-05-07 15:02:24,234 [INFO] Rule:228 - rule 117617 - U5Cobra4M][GTZC] default value MPCBB3 and MPCBB5 - Not Privileged memory - MPCBB3 is applicable
2025-05-07 15:02:24,234 [INFO] Rule:228 - rule 117617 - U5Cobra4M][GTZC] default value MPCBB3 and MPCBB5 - Not Privileged memory - MPCBB4 is applicable
2025-05-07 15:02:24,234 [INFO] Rule:228 - rule 117617 - U5Cobra4M][GTZC] default value MPCBB3 and MPCBB5 - Privileged memory - MPCBB1 is applicable
2025-05-07 15:02:24,234 [INFO] Rule:228 - rule 117617 - U5Cobra4M][GTZC] default value MPCBB3 and MPCBB5 - Privileged memory - MPCBB2 is applicable
2025-05-07 15:02:24,234 [INFO] Rule:228 - rule 117617 - U5Cobra4M][GTZC] default value MPCBB3 and MPCBB5 - Privileged memory - MPCBB3 is applicable
2025-05-07 15:02:24,234 [INFO] Rule:228 - rule 117617 - U5Cobra4M][GTZC] default value MPCBB3 and MPCBB5 - Privileged memory - MPCBB4 is applicable
2025-05-07 15:02:24,235 [INFO] Rule:228 - rule Rename SubGHz_Phy SUBGHZ_APPLICATION SUBGHZ_PINGPONG to SUBGHZ_ADV_APPLICATION is applicable
2025-05-07 15:02:24,235 [INFO] Rule:228 - rule Rename Enabled to IBEACON is applicable
2025-05-07 15:02:24,235 [INFO] Rule:228 - rule GTZC_S instance for project manager is applicable
2025-05-07 15:02:24,235 [INFO] Rule:228 - rule GTZC_S instance for context M33S is applicable
2025-05-07 15:02:24,235 [INFO] Rule:228 - rule GTZC_S instance value for IP GTZC is applicable
2025-05-07 15:02:24,235 [INFO] Rule:228 - rule GTZC_S instance for mcu.IP is applicable
2025-05-07 15:02:24,235 [INFO] Rule:228 - rule GTZC_S instance for VP is applicable
2025-05-07 15:02:24,235 [INFO] Rule:228 - rule GTZC_S instance for signal is applicable
2025-05-07 15:02:24,235 [INFO] Rule:228 - rule GTZC_S instance for mcu.Pin is applicable
2025-05-07 15:02:24,235 [INFO] Rule:228 - rule GTZC_S instance for VP is applicable
2025-05-07 15:02:24,235 [INFO] Rule:228 - rule GTZC_S instance for signal is applicable
2025-05-07 15:02:24,235 [INFO] Rule:228 - rule GTZC_S instance for mcu is applicable
2025-05-07 15:02:24,235 [INFO] Rule:228 - rule GTZC_S instance for mcu.Pin is applicable
2025-05-07 15:02:24,235 [INFO] Rule:228 - rule GTZC_S instance value for IP GTZC is applicable
2025-05-07 15:02:24,235 [INFO] Rule:228 - rule GTZC_S instance for project manager is applicable
2025-05-07 15:02:24,235 [INFO] Rule:228 - rule GTZC_S instance for context M33S is applicable
2025-05-07 15:02:24,235 [INFO] Rule:228 - rule GTZC_S instance for VP is applicable
2025-05-07 15:02:24,235 [INFO] Rule:228 - rule GTZC_S instance for signal is applicable
2025-05-07 15:02:24,235 [INFO] Rule:228 - rule SPDIFRX instance for mcu is applicable
2025-05-07 15:02:24,235 [INFO] Rule:228 - rule Rename Tracer Mode is applicable
2025-05-07 15:02:24,235 [INFO] Rule:228 - rule SPDIFRX instance value for IP SPDIFRX is applicable
2025-05-07 15:02:24,235 [INFO] Rule:228 - rule SPDIFRX instance for signal is applicable
2025-05-07 15:02:24,235 [INFO] Rule:228 - rule SPDIFRX instance for project manager is applicable
2025-05-07 15:02:24,235 [INFO] Rule:228 - rule SPDIFRX instance for project manager is applicable
2025-05-07 15:02:24,235 [INFO] Rule:228 - rule ADC Scan  fix with FW F7 is applicable
2025-05-07 15:02:24,235 [INFO] Rule:228 - rule ADC Scan  fix with FW F7 is applicable
2025-05-07 15:02:24,235 [INFO] Rule:228 - rule WakeUp0 Mode is applicable
2025-05-07 15:02:24,236 [INFO] Rule:228 - rule WakeUp0 SIGNAL is applicable
2025-05-07 15:02:24,236 [INFO] Rule:228 - rule WakeUp1 Mode is applicable
2025-05-07 15:02:24,236 [INFO] Rule:228 - rule WakeUp1 SIGNAL is applicable
2025-05-07 15:02:24,236 [INFO] Rule:228 - rule WakeUp2 Mode is applicable
2025-05-07 15:02:24,236 [INFO] Rule:228 - rule WakeUp2 SIGNAL is applicable
2025-05-07 15:02:24,236 [INFO] Rule:228 - rule WakeUp4 Mode is applicable
2025-05-07 15:02:24,236 [INFO] Rule:228 - rule WakeUp4 SIGNAL is applicable
2025-05-07 15:02:24,236 [INFO] Rule:228 - rule WakeUp5 Mode is applicable
2025-05-07 15:02:24,236 [INFO] Rule:228 - rule WakeUp5 SIGNAL is applicable
2025-05-07 15:02:24,236 [INFO] Rule:228 - rule UART/USART WORD LENGTH 7 is applicable
2025-05-07 15:02:24,236 [INFO] Rule:228 - rule UART/USART WORD LENGTH 8 is applicable
2025-05-07 15:02:24,236 [INFO] Rule:228 - rule UART/USART WORD LENGTH 9 is applicable
2025-05-07 15:02:24,236 [INFO] Rule:228 - rule Change Default Value for LSE Drive Capability for WB family is applicable
2025-05-07 15:02:24,236 [INFO] Rule:228 - rule Change Default Value for ADC Clock Prescaler G0 family is applicable
2025-05-07 15:02:24,236 [INFO] Rule:228 - rule ADC SamplingTime fix with FW L0  is applicable
2025-05-07 15:02:24,236 [INFO] Rule:228 - rule ADC SamplingTime fix with FW L0  is applicable
2025-05-07 15:02:24,236 [INFO] Rule:228 - rule ADC SamplingTime fix with FW L0 is applicable
2025-05-07 15:02:24,236 [INFO] Rule:228 - rule ADC SamplingTime fix with FW L0 is applicable
2025-05-07 15:02:24,236 [INFO] Rule:228 - rule ADC SamplingTime fix with FW L0  is applicable
2025-05-07 15:02:24,236 [INFO] Rule:228 - rule ADC SamplingTime fix with FW L0 is applicable
2025-05-07 15:02:24,236 [INFO] Rule:228 - rule Rename USB_OE Signal is applicable
2025-05-07 15:02:24,236 [INFO] Rule:228 - rule Rename Activate_OE Mode is applicable
2025-05-07 15:02:24,236 [INFO] Rule:228 - rule Rename DIE462/DIE415 pin PC14/OSC32_IN -> PC14-OSC32_IN (PC14) is applicable
2025-05-07 15:02:24,236 [INFO] Rule:228 - rule Rename DIE462/DIE415 pin PC15/OSC32_OUT -> PC15-OSC32_OUT (PC15) is applicable
2025-05-07 15:02:24,236 [INFO] Rule:228 - rule Rename DIE462/DIE415 pin PH0/OSC_IN -> PH0-OSC_IN (PH0) is applicable
2025-05-07 15:02:24,236 [INFO] Rule:228 - rule Rename DIE462/DIE415 pin PH1/OSC_OUT -> PH1-OSC_OUT (PH1) is applicable
2025-05-07 15:02:24,237 [INFO] Rule:228 - rule Rename DIE462 pin PA13 -> PA13 (JTMS/SWDIO) is applicable
2025-05-07 15:02:24,237 [INFO] Rule:228 - rule Rename DIE415 pin PA13 -> PA13 (JTMS/SWDIO) is applicable
2025-05-07 15:02:24,237 [INFO] Rule:228 - rule Rename DIE462 pin PA14 -> PA14 (JTCK/SWCLK) is applicable
2025-05-07 15:02:24,237 [INFO] Rule:228 - rule Rename DIE415 pin PA14 -> PA14 (JTCK/SWCLK) is applicable
2025-05-07 15:02:24,237 [INFO] Rule:228 - rule Rename DIE462/DIE415 pin PA15 -> PA15 (JTDI) is applicable
2025-05-07 15:02:24,237 [INFO] Rule:228 - rule Rename DIE462 pin PB3 -> PB3 (JTD0/TRACESWO) is applicable
2025-05-07 15:02:24,237 [INFO] Rule:228 - rule Rename DIE415 pin PB3 -> PB3 (JTD0-TRACESWO) is applicable
2025-05-07 15:02:24,237 [INFO] Rule:228 - rule Rename DIE462/DIE415 pin PB4 -> PB4 (NJTRST) is applicable
2025-05-07 15:02:24,237 [INFO] Rule:228 - rule Rename DIE462 pin PH3/BOOT0 -> PH3-BOOT0 (BOOT0) is applicable
2025-05-07 15:02:24,237 [INFO] Rule:228 - rule Rename CRYP DataEncryptionTypesList to Algorithm is applicable
2025-05-07 15:02:24,237 [INFO] Rule:228 - rule Rename AES DataEncryptionTypesList to Algorithm is applicable
2025-05-07 15:02:24,237 [INFO] Rule:228 - rule Rename TDESECB to CRYP_TDES_ECB is applicable
2025-05-07 15:02:24,237 [INFO] Rule:228 - rule Rename TDESCBC to CRYP_TDES_CBC is applicable
2025-05-07 15:02:24,237 [INFO] Rule:228 - rule Rename DESECB to CRYP_DES_ECB is applicable
2025-05-07 15:02:24,237 [INFO] Rule:228 - rule Rename DESCBC to CRYP_DES_CBC is applicable
2025-05-07 15:02:24,237 [INFO] Rule:228 - rule Rename AESECB to CRYP_AES_ECB is applicable
2025-05-07 15:02:24,237 [INFO] Rule:228 - rule Rename AESCBC to CRYP_AES_CBC is applicable
2025-05-07 15:02:24,237 [INFO] Rule:228 - rule Rename AESCTR to CRYP_AES_CTR is applicable
2025-05-07 15:02:24,237 [INFO] Rule:228 - rule Rename AESGCM to CRYP_AES_GCM is applicable
2025-05-07 15:02:24,237 [INFO] Rule:228 - rule Rename AESCCM to CRYP_AES_CCM is applicable
2025-05-07 15:02:24,237 [INFO] Rule:228 - rule Rename CAN TimeSeg1 to BS1 is applicable
2025-05-07 15:02:24,237 [INFO] Rule:228 - rule Rename CAN TimeSeg2 to BS2 is applicable
2025-05-07 15:02:24,238 [INFO] Rule:228 - rule Rename CAN SyncJumpWidth to SJW is applicable
2025-05-07 15:02:24,238 [INFO] Rule:228 - rule TimeTriggeredMode to TTCM is applicable
2025-05-07 15:02:24,238 [INFO] Rule:228 - rule Rename CAN AutoBusOff to ABOM is applicable
2025-05-07 15:02:24,238 [INFO] Rule:228 - rule Rename CAN AutoWakeUp to AWUM is applicable
2025-05-07 15:02:24,238 [INFO] Rule:228 - rule Rename CAN AutoRetransmission to NART is applicable
2025-05-07 15:02:24,238 [INFO] Rule:228 - rule Rename CAN ReceiveFifoLocked to RFLM is applicable
2025-05-07 15:02:24,238 [INFO] Rule:228 - rule Rename CAN TransmitFifoPriority to TXFP is applicable
2025-05-07 15:02:24,238 [INFO] Rule:228 - rule Rename HRTIMER HRTIM_OUTPUTFAULTLEVEL_HIGH in HRTIMER HRTIM_OUTPUTFAULTLEVEL_HIGHZ is applicable
2025-05-07 15:02:24,238 [INFO] Rule:228 - rule Rename TIMER TIM_CLEARINPUTSOURCE_OCREFCLR in  TIMER TIM_CLEARINPUTSOURCE_NONE for F7 family is applicable
2025-05-07 15:02:24,238 [INFO] Rule:228 - rule FDCAN_R1 - Rename FDCAN mode Master into Classic is applicable
2025-05-07 15:02:24,238 [INFO] Rule:228 - rule FDCAN_R2 - Rename FDCAN mode Slave into Classic is applicable
2025-05-07 15:02:24,238 [INFO] Rule:228 - rule FDCAN1_R3 - if PA10.Mode=FullDuplex, add Pin PA12 is applicable
2025-05-07 15:02:24,238 [INFO] Rule:228 - rule FDCAN1_R3 - if PA9.Mode=FullDuplex, add Pin PA11 is applicable
2025-05-07 15:02:24,238 [INFO] Rule:228 - rule FDCAN1_R3 - Alternatepin_1 - if PE1.Mode=FullDuplex, add Pin PB9 is applicable
2025-05-07 15:02:24,238 [INFO] Rule:228 - rule FDCAN1_R3 - Alternatepin_1 - if PE0.Mode=FullDuplex, add Pin PB8 is applicable
2025-05-07 15:02:24,238 [INFO] Rule:228 - rule FDCAN1_R3 - Alternatepin_2 - if PD5.Mode=FullDuplex, add Pin PD1 is applicable
2025-05-07 15:02:24,238 [INFO] Rule:228 - rule FDCAN1_R3 - Alternatepin_2 - if PD4.Mode=FullDuplex, add Pin PD0 is applicable
2025-05-07 15:02:24,238 [INFO] Rule:228 - rule FDCAN1_R4 - Rename Mode FullDuplex into Enable FDCAN_TXFD for pin PA10 is applicable
2025-05-07 15:02:24,238 [INFO] Rule:228 - rule FDCAN1_R4 - Rename Mode FullDuplex into Enable FDCAN_TXFD for pin PA9 is applicable
2025-05-07 15:02:24,238 [INFO] Rule:228 - rule FDCAN1_R4 - Alternatepin_1 - Rename Mode FullDuplex into Enable FDCAN_TXFD for pin PE1 is applicable
2025-05-07 15:02:24,238 [INFO] Rule:228 - rule FDCAN1_R4 - Alternatepin_1 - Rename Mode FullDuplex into Enable FDCAN_TXFD for pin PE0 is applicable
2025-05-07 15:02:24,238 [INFO] Rule:228 - rule FDCAN1_R4 - Alternatepin_2 - Rename Mode FullDuplex into Enable FDCAN_TXFD for pin PD5 is applicable
2025-05-07 15:02:24,239 [INFO] Rule:228 - rule FDCAN1_R4 - Alternatepin_2 - Rename Mode FullDuplex into Enable FDCAN_TXFD for pin PD4 is applicable
2025-05-07 15:02:24,239 [INFO] Rule:228 - rule FDCAN2_R3 - if PD10.Mode=FullDuplex, add Pin PB13 is applicable
2025-05-07 15:02:24,239 [INFO] Rule:228 - rule FDCAN2_R3 - if PD9.Mode=FullDuplex, add Pin PB12 is applicable
2025-05-07 15:02:24,239 [INFO] Rule:228 - rule FDCAN2_R3 - Alternatepin_1 - if PB7.Mode=FullDuplex, add Pin PB6 is applicable
2025-05-07 15:02:24,239 [INFO] Rule:228 - rule FDCAN2_R3 - Alternatepin_1 - if PD9.Mode=FullDuplex, add Pin PB12 is applicable
2025-05-07 15:02:24,239 [INFO] Rule:228 - rule FDCAN2_R4 - Rename Mode FullDuplex into Enable FDCAN_TXFD for pin PD10 is applicable
2025-05-07 15:02:24,239 [INFO] Rule:228 - rule FDCAN2_R4 - Rename Mode FullDuplex into Enable FDCAN_TXFD for pin PD9 is applicable
2025-05-07 15:02:24,239 [INFO] Rule:228 - rule FDCAN2_R4 - Alternatepin_1 - Rename Mode FullDuplex into Enable FDCAN_TXFD for pin PB7 is applicable
2025-05-07 15:02:24,239 [INFO] Rule:228 - rule FDCAN2_R4 - Alternatepin_1 - Rename Mode FullDuplex into Enable FDCAN_TXFD for pin PD6 is applicable
2025-05-07 15:02:24,239 [INFO] Rule:228 - rule USART TxPinLevelInvertParam Mode is applicable
2025-05-07 15:02:24,239 [INFO] Rule:228 - rule USART RxPinLevelInvertParam Mode is applicable
2025-05-07 15:02:24,239 [INFO] Rule:228 - rule USART DataInvertParam Mode is applicable
2025-05-07 15:02:24,239 [INFO] Rule:228 - rule USART SwapParam Mode is applicable
2025-05-07 15:02:24,239 [INFO] Rule:228 - rule USART OverrunDisableParam Mode is applicable
2025-05-07 15:02:24,239 [INFO] Rule:228 - rule USART DMADisableonRxErrorParam Mode is applicable
2025-05-07 15:02:24,239 [INFO] Rule:228 - rule USART MSBFirstParam Mode is applicable
2025-05-07 15:02:24,239 [INFO] Rule:228 - rule Update MwName for USB_DEVICE is applicable
2025-05-07 15:02:24,239 [INFO] Rule:228 - rule Change PWR_Regulator_Voltage_Scale Default Value for RCC  H7 family is applicable
2025-05-07 15:02:24,239 [INFO] Rule:228 - rule UART/USART IPParameter rename Prescaler parameter to ClockPrescaler is applicable
2025-05-07 15:02:24,239 [INFO] Rule:228 - rule UART/USART Prescaler rename Prescaler parameter to ClockPrescaler is applicable
2025-05-07 15:02:24,239 [INFO] Rule:228 - rule TIM1CLockSelection is applicable
2025-05-07 15:02:24,239 [INFO] Rule:228 - rule TIM15CLockSelection is applicable
2025-05-07 15:02:24,239 [INFO] Rule:228 - rule align RCC SDMMC3CLockSelection default value on MP1 is applicable
2025-05-07 15:02:24,239 [INFO] Rule:228 - rule align RCC SDMMC12CLockSelection default value on MP1 is applicable
2025-05-07 15:02:24,239 [INFO] Rule:228 - rule align RCC QSPICLockSelection default value on MP1 is applicable
2025-05-07 15:02:24,239 [INFO] Rule:228 - rule align RCC QSPICLockSelection default value on MP1 is applicable
2025-05-07 15:02:24,239 [INFO] Rule:228 - rule align RCC SPI6CLockSelection default value on MP1 is applicable
2025-05-07 15:02:24,239 [INFO] Rule:228 - rule align RCC LPTIM23CLockSelection default value on MP1 is applicable
2025-05-07 15:02:24,239 [INFO] Rule:228 - rule align RCC LPTIM1CLockSelection default value on MP1 is applicable
2025-05-07 15:02:24,239 [INFO] Rule:228 - rule align RCC USART1CLockSelection default value on MP1 is applicable
2025-05-07 15:02:24,239 [INFO] Rule:228 - rule align RCC USART24CLockSelection default value on MP1 is applicable
2025-05-07 15:02:24,239 [INFO] Rule:228 - rule align RCC USART6CLockSelection default value on MP1 is applicable
2025-05-07 15:02:24,239 [INFO] Rule:228 - rule align RCC UART78CLockSelection default value on MP1 is applicable
2025-05-07 15:02:24,239 [INFO] Rule:228 - rule align RCC USART35CLockSelection default value on MP1 is applicable
2025-05-07 15:02:24,239 [INFO] Rule:228 - rule align RCC SPI45CLockSelection default value on MP1 is applicable
2025-05-07 15:02:24,239 [INFO] Rule:228 - rule align RCC I2C46CLockSelection BCLK value on MP1 is applicable
2025-05-07 15:02:24,239 [INFO] Rule:228 - rule align RCC SPI45CLockSelection default value on MP1 is applicable
2025-05-07 15:02:24,240 [INFO] Rule:228 - rule align RCC I2C12CLockSelection default value on MP1 is applicable
2025-05-07 15:02:24,240 [INFO] Rule:228 - rule align RCC I2C35CLockSelection default value on MP1 is applicable
2025-05-07 15:02:24,240 [INFO] Rule:228 - rule align RCC LPTIM45CLockSelection default value on MP1 is applicable
2025-05-07 15:02:24,240 [INFO] Rule:228 - rule Rename DCMI PIXCK signal is applicable
2025-05-07 15:02:24,240 [INFO] Rule:228 - rule Change Default Value for I2C46CLockSelection MP1 family is applicable
2025-05-07 15:02:24,240 [INFO] Rule:228 - rule Change Default Value for UART for G4, G0 and WB families is applicable
2025-05-07 15:02:24,240 [INFO] Rule:228 - rule Change Default Value for USART for G4, G0 and WB families is applicable
2025-05-07 15:02:24,240 [INFO] Rule:228 - rule Change Default Value for USART for G4 family is applicable
2025-05-07 15:02:24,240 [INFO] Rule:228 - rule Change USART1CLockSelection refparam name for MP1 is applicable
2025-05-07 15:02:24,240 [INFO] Rule:228 - rule Change USART2CLockSelection refparam name for MP1 is applicable
2025-05-07 15:02:24,240 [INFO] Rule:228 - rule Change USART3CLockSelection refparam name for MP1 is applicable
2025-05-07 15:02:24,240 [INFO] Rule:228 - rule Change UART4CLockSelection refparam name for MP1 is applicable
2025-05-07 15:02:24,240 [INFO] Rule:228 - rule Change UART5CLockSelection refparam name for MP1 is applicable
2025-05-07 15:02:24,240 [INFO] Rule:228 - rule Change LPUART1CLockSelection refparam name for MP1 is applicable
2025-05-07 15:02:24,240 [INFO] Rule:228 - rule Change LPTIM1CLockSelection refparam name for MP1 is applicable
2025-05-07 15:02:24,240 [INFO] Rule:228 - rule Change LPTIM2CLockSelection refparam name for MP1 is applicable
2025-05-07 15:02:24,240 [INFO] Rule:228 - rule Change RCC_MCO1Source refparam name for MP1 is applicable
2025-05-07 15:02:24,240 [INFO] Rule:228 - rule Change LSCOSource1 refparam name for MP1 is applicable
2025-05-07 15:02:24,240 [INFO] Rule:228 - rule Change SMPSCLockSelection refparam name for MP1 is applicable
2025-05-07 15:02:24,240 [INFO] Rule:228 - rule Change LPTIM3CLockSelection refparam name for MP1 is applicable
2025-05-07 15:02:24,240 [INFO] Rule:228 - rule Change MPCBB* Default Template Mode to Parameters is applicable
2025-05-07 15:02:24,240 [INFO] Rule:228 - rule Change MPCWM* or MPCBB* Secure Mode to Parameters is applicable
2025-05-07 15:02:24,240 [INFO] Rule:228 - rule Change MPCWM* or MPCBB* No Secure Mode to Parameters is applicable
2025-05-07 15:02:24,240 [INFO] Rule:228 - rule Change TZSC IP Secure Mode to Parameters is applicable
2025-05-07 15:02:24,240 [INFO] Rule:228 - rule Change TZSC IP No Secure Mode to Parameters is applicable
2025-05-07 15:02:24,240 [INFO] Rule:228 - rule Change TZSC IP Privilege Mode to Parameters is applicable
2025-05-07 15:02:24,240 [INFO] Rule:228 - rule Change TZSC IP No Privilege Mode to Parameters is applicable
2025-05-07 15:02:24,240 [INFO] Rule:228 - rule Change TZIC IT Secure Mode to Parameters is applicable
2025-05-07 15:02:24,240 [INFO] Rule:228 - rule Change TZIC IT No Secure Mode to Parameters is applicable
2025-05-07 15:02:24,240 [INFO] Rule:228 - rule Add MPCBB1_NonSecureArea_Start_Address value with referenced to MPCBB1_NonSecureArea_Start value is applicable
2025-05-07 15:02:24,240 [INFO] Rule:228 - rule Add MPCBB2_NonSecureArea_Start_Address value with referenced to MPCBB2_NonSecureArea_Start value is applicable
2025-05-07 15:02:24,240 [INFO] Rule:228 - rule Add MPCWM1_NonSecureArea*_Start_Address value with referenced to MPCWM1_NonSecureArea*_Start value is applicable
2025-05-07 15:02:24,240 [INFO] Rule:228 - rule Add MPCWM2_NonSecureArea*_Start_Address value with referenced to MPCWM2_NonSecureArea*_Start value is applicable
2025-05-07 15:02:24,240 [INFO] Rule:228 - rule Add MPCWM3_NonSecureArea_Start_Address value with referenced to MPCWM3_NonSecureArea_Start value is applicable
2025-05-07 15:02:24,240 [INFO] Rule:228 - rule Change Default Value for PLL1UserDefinedConfig is applicable
2025-05-07 15:02:24,241 [INFO] Rule:228 - rule Change GPIO_PuPd Default Value for USART in async mode is applicable
2025-05-07 15:02:24,241 [INFO] Rule:228 - rule Change SMPSDivider Default Value is applicable
2025-05-07 15:02:24,241 [INFO] Rule:228 - rule OPAMP is applicable
2025-05-07 15:02:24,241 [INFO] Rule:228 - rule LPUART IPParameter rename Prescaler parameter to ClockPrescaler for STM32H7 is applicable
2025-05-07 15:02:24,241 [INFO] Rule:228 - rule LPUART IPParameter rename Prescaler parameter to ClockPrescaler for STM32H7 is applicable
2025-05-07 15:02:24,241 [INFO] Rule:228 - rule LPUART IPParameter rename Prescaler parameter to ClockPrescaler for STM32WB is applicable
2025-05-07 15:02:24,241 [INFO] Rule:228 - rule LPUART IPParameter rename Prescaler parameter to ClockPrescaler for STM32WB is applicable
2025-05-07 15:02:24,241 [INFO] Rule:228 - rule LPUART IPParameter rename Prescaler parameter to ClockPrescaler for STM32G4 is applicable
2025-05-07 15:02:24,241 [INFO] Rule:228 - rule LPUART IPParameter rename Prescaler parameter to ClockPrescaler for STM32G4 is applicable
2025-05-07 15:02:24,241 [INFO] Rule:228 - rule LPUART IPParameter rename Prescaler parameter to ClockPrescaler for STM32L5 is applicable
2025-05-07 15:02:24,241 [INFO] Rule:228 - rule LPUART IPParameter rename Prescaler parameter to ClockPrescaler for STM32L5 is applicable
2025-05-07 15:02:24,241 [INFO] Rule:228 - rule LPUART IPParameter rename Prescaler parameter to ClockPrescaler for STM32G4 is applicable
2025-05-07 15:02:24,241 [INFO] Rule:228 - rule LPUART IPParameter rename Prescaler parameter to ClockPrescaler for STM32G4 is applicable
2025-05-07 15:02:24,241 [INFO] Rule:228 - rule USB device lib V2.5.3 for L0 rename USBD_SUPPORT_USER_STRING parameter to USBD_SUPPORT_USER_STRING_DESC4 is applicable
2025-05-07 15:02:24,241 [INFO] Rule:228 - rule I2SCLockSelection clock entry align is applicable
2025-05-07 15:02:24,241 [INFO] Rule:228 - rule Assign TIMx context if used as SYS timebase is applicable
2025-05-07 15:02:24,241 [INFO] Rule:228 - rule Change GPIO_Pu Default Value for I2C is applicable
2025-05-07 15:02:24,241 [INFO] Rule:228 - rule Change GPIO_Pu Default Value for SMBus is applicable
2025-05-07 15:02:24,241 [INFO] Rule:228 - rule change FDCAN default value is applicable
2025-05-07 15:02:24,241 [INFO] Rule:228 - rule Change mode sai is applicable
2025-05-07 15:02:24,241 [INFO] Rule:228 - rule **Change sai mode is applicable
2025-05-07 15:02:24,241 [INFO] Rule:228 - rule Rename STM32WPAN CFG_BLE_IRK to CFG_BLE_IR is applicable
2025-05-07 15:02:24,241 [INFO] Rule:228 - rule Rename STM32WPAN CFG_BLE_ERK to CFG_BLE_ER is applicable
2025-05-07 15:02:24,241 [INFO] Rule:228 - rule Rename STM32WPAN CFG_BLE_IRK_HEX to CFG_BLE_IR_HEX is applicable
2025-05-07 15:02:24,241 [INFO] Rule:228 - rule Rename STM32WPAN CFG_BLE_ERK_HEX to CFG_BLE_ER_HEX is applicable
2025-05-07 15:02:24,258 [INFO] DbConfProperties:307 - Apply Compatibility (34/230 Rules)
2025-05-07 15:02:24,297 [INFO] ImportTextPane:205 - (OptionalMessage_ERROR) Unable to find key (Mcu.ThirdPartyNb) in loaded IOC file
2025-05-07 15:02:24,474 [INFO] RtosManager:555 - Registered RTOS mode: class=CMSIS, group=RTOS, mode=CMSIS_V1, owner=FREERTOS
2025-05-07 15:02:24,474 [INFO] RtosManager:555 - Registered RTOS mode: class=CMSIS, group=RTOS2, mode=CMSIS_V2, owner=FREERTOS
2025-05-07 15:02:24,474 [INFO] RtosManager:555 - Registered RTOS mode: class=RTOS, group=Core, mode=CMSIS_V1, owner=FREERTOS
2025-05-07 15:02:24,474 [INFO] RtosManager:555 - Registered RTOS mode: class=RTOS, group=Core, mode=CMSIS_V2, owner=FREERTOS
2025-05-07 15:02:24,474 [WARN] ModelIntegratedComponent:184 - Missing modes for component STMicroelectronics:FreeRTOS:0.0.1:STMicroelectronics:RTOS:FreeRTOS:Core:::10.2.0:
2025-05-07 15:02:24,484 [WARN] ModelIntegratedComponent:63 - No mode defined for component null
2025-05-07 15:02:24,484 [WARN] ModelIntegratedComponent:63 - No mode defined for component null
2025-05-07 15:02:24,484 [WARN] ModelIntegratedComponent:63 - No mode defined for component null
2025-05-07 15:02:24,484 [WARN] ModelIntegratedComponent:63 - No mode defined for component null
2025-05-07 15:02:24,484 [WARN] ModelIntegratedComponent:63 - No mode defined for component null
2025-05-07 15:02:24,484 [WARN] ModelIntegratedComponent:63 - No mode defined for component null
2025-05-07 15:02:24,484 [WARN] ModelIntegratedComponent:63 - No mode defined for component null
2025-05-07 15:02:24,484 [WARN] ModelIntegratedComponent:63 - No mode defined for component null
2025-05-07 15:02:24,484 [WARN] ModelIntegratedComponent:63 - No mode defined for component null
2025-05-07 15:02:24,484 [WARN] ModelIntegratedComponent:63 - No mode defined for component null
2025-05-07 15:02:24,484 [WARN] ModelIntegratedComponent:63 - No mode defined for component null
2025-05-07 15:02:24,484 [WARN] ModelIntegratedComponent:63 - No mode defined for component null
2025-05-07 15:02:24,484 [WARN] ModelIntegratedComponent:63 - No mode defined for component null
2025-05-07 15:02:24,484 [WARN] ModelIntegratedComponent:63 - No mode defined for component null
2025-05-07 15:02:24,484 [WARN] ModelIntegratedComponent:63 - No mode defined for component null
2025-05-07 15:02:24,484 [WARN] ModelIntegratedComponent:63 - No mode defined for component null
2025-05-07 15:02:24,484 [WARN] ModelIntegratedComponent:63 - No mode defined for component null
2025-05-07 15:02:24,484 [WARN] ModelIntegratedComponent:63 - No mode defined for component null
2025-05-07 15:02:24,484 [WARN] ModelIntegratedComponent:63 - No mode defined for component null
2025-05-07 15:02:24,484 [WARN] ModelIntegratedComponent:63 - No mode defined for component null
2025-05-07 15:02:24,484 [WARN] ModelIntegratedComponent:63 - No mode defined for component null
2025-05-07 15:02:24,485 [WARN] ModelIntegratedComponent:63 - No mode defined for component null
2025-05-07 15:02:24,485 [WARN] ModelIntegratedComponent:63 - No mode defined for component null
2025-05-07 15:02:24,485 [WARN] ModelIntegratedComponent:63 - No mode defined for component null
2025-05-07 15:02:24,485 [WARN] ModelIntegratedComponent:63 - No mode defined for component null
2025-05-07 15:02:24,485 [WARN] ModelIntegratedComponent:63 - No mode defined for component null
2025-05-07 15:02:24,485 [WARN] ModelIntegratedComponent:63 - No mode defined for component null
2025-05-07 15:02:24,485 [WARN] ModelIntegratedComponent:63 - No mode defined for component null
2025-05-07 15:02:24,485 [WARN] ModelIntegratedComponent:63 - No mode defined for component null
2025-05-07 15:02:24,485 [WARN] ModelIntegratedComponent:63 - No mode defined for component null
2025-05-07 15:02:24,485 [WARN] ModelIntegratedComponent:63 - No mode defined for component null
2025-05-07 15:02:24,485 [WARN] ModelIntegratedComponent:63 - No mode defined for component null
2025-05-07 15:02:24,485 [WARN] ModelIntegratedComponent:63 - No mode defined for component null
2025-05-07 15:02:24,485 [WARN] ModelIntegratedComponent:63 - No mode defined for component null
2025-05-07 15:02:24,485 [WARN] ModelIntegratedComponent:63 - No mode defined for component null
2025-05-07 15:02:24,485 [WARN] ModelPack:524 - Component already loaded: STMicroelectronics:HAL Drivers:0.0.0:STMicroelectronics:Device:STMicro_Driver:XSPI:HAL::0.0.1:HAL_XSPI
2025-05-07 15:02:24,587 [INFO] ThirdPartyModel:298 - Start build external matchings
2025-05-07 15:02:25,698 [INFO] ThirdPartyModel:316 - End build external matchings
2025-05-07 15:02:26,120 [INFO] UtilMem:75 - End LoadConfig() Used Memory: 988324864 Bytes (1073741824)
2025-05-07 15:02:26,172 [WARN] ThirdParty:833 - waiting for thirdparty lock release [change project]
2025-05-07 15:02:26,172 [INFO] ThirdParty:835 - entering critical section [change project]
2025-05-07 15:02:26,172 [INFO] ThirdParty:1030 - CMSIS Pack Vendor :STMicroelectronics USBPD 4.1
2025-05-07 15:02:26,172 [INFO] ThirdParty:1030 - CMSIS Pack Vendor :STMicroelectronics X-CUBE-AZRTOS-H7 3.3.0
2025-05-07 15:02:26,172 [INFO] ThirdParty:1030 - CMSIS Pack Vendor :STMicroelectronics X-CUBE-NFC9 1.0.0
2025-05-07 15:02:26,172 [INFO] ThirdParty:1030 - CMSIS Pack Vendor :STMicroelectronics USB_HOST 2.0.0
2025-05-07 15:02:26,172 [INFO] ThirdParty:1030 - CMSIS Pack Vendor :STMicroelectronics FP-SNS-MOTENVWB1 1.4.0
2025-05-07 15:02:26,172 [INFO] ThirdParty:1030 - CMSIS Pack Vendor :STMicroelectronics X-CUBE-AZRTOS-F4 1.1.0
2025-05-07 15:02:26,172 [INFO] ThirdParty:1030 - CMSIS Pack Vendor :STMicroelectronics LIBJPEG 8.0.0
2025-05-07 15:02:26,172 [INFO] ThirdParty:1030 - CMSIS Pack Vendor :STMicroelectronics FP-ATR-ASTRA1 2.0.2
2025-05-07 15:02:26,172 [INFO] ThirdParty:1030 - CMSIS Pack Vendor :STMicroelectronics FP-ATR-ASTRA1 2.0.1
2025-05-07 15:02:26,172 [INFO] ThirdParty:1030 - CMSIS Pack Vendor :STMicroelectronics X-CUBE-BLE1 7.1.0
2025-05-07 15:02:26,172 [INFO] ThirdParty:1030 - CMSIS Pack Vendor :STMicroelectronics X-CUBE-SMBUS 2.1.0
2025-05-07 15:02:26,172 [INFO] ThirdParty:1030 - CMSIS Pack Vendor :STMicroelectronics X-CUBE-WB05N 1.1.0
2025-05-07 15:02:26,172 [INFO] ThirdParty:1030 - CMSIS Pack Vendor :STMicroelectronics USB_DEVICE 3.0.0
2025-05-07 15:02:26,172 [INFO] ThirdParty:1030 - CMSIS Pack Vendor :STMicroelectronics X-CUBE-TCPP 4.1.0
2025-05-07 15:02:26,173 [INFO] ThirdParty:1030 - CMSIS Pack Vendor :STMicroelectronics X-CUBE-ISPU 2.1.0
2025-05-07 15:02:26,173 [INFO] ThirdParty:1030 - CMSIS Pack Vendor :STMicroelectronics X-CUBE-FREERTOS 1.2.0
2025-05-07 15:02:26,173 [INFO] ThirdParty:1030 - CMSIS Pack Vendor :STMicroelectronics X-CUBE-IPS 3.0.0
2025-05-07 15:02:26,173 [INFO] ThirdParty:1030 - CMSIS Pack Vendor :STMicroelectronics X-CUBE-AZRTOS-WB 2.0.0
2025-05-07 15:02:26,173 [INFO] ThirdParty:1030 - CMSIS Pack Vendor :STMicroelectronics X-CUBE-GNSS1 7.0.0
2025-05-07 15:02:26,173 [INFO] ThirdParty:1030 - CMSIS Pack Vendor :STMicroelectronics X-CUBE-GNSS1 7.0.1
2025-05-07 15:02:26,173 [INFO] ThirdParty:1030 - CMSIS Pack Vendor :STMicroelectronics X-CUBE-AZRTOS-F7 1.1.0
2025-05-07 15:02:26,173 [INFO] ThirdParty:1030 - CMSIS Pack Vendor :STMicroelectronics X-CUBE-AZRTOS-L5 2.0.0
2025-05-07 15:02:26,173 [INFO] ThirdParty:1030 - CMSIS Pack Vendor :STMicroelectronics X-CUBE-TOUCHGFX 4.25.0
2025-05-07 15:02:26,173 [INFO] ThirdParty:1030 - CMSIS Pack Vendor :STMicroelectronics USB_DEVICE 2.0.0
2025-05-07 15:02:26,173 [INFO] ThirdParty:1030 - CMSIS Pack Vendor :STMicroelectronics X-CUBE-NFC6 3.1.0
2025-05-07 15:02:26,173 [INFO] ThirdParty:1030 - CMSIS Pack Vendor :STMicroelectronics FP-SNS-STBOX1 2.0.0
2025-05-07 15:02:26,173 [INFO] ThirdParty:1030 - CMSIS Pack Vendor :STMicroelectronics X-CUBE-MEMS1 11.0.0
2025-05-07 15:02:26,173 [INFO] ThirdParty:1030 - CMSIS Pack Vendor :STMicroelectronics X-CUBE-MEMS1 11.2.0
2025-05-07 15:02:26,173 [INFO] ThirdParty:1030 - CMSIS Pack Vendor :STMicroelectronics FreeRTOS 0.0.1
2025-05-07 15:02:26,173 [INFO] ThirdParty:1030 - CMSIS Pack Vendor :STMicroelectronics X-CUBE-AZRTOS-G0 1.1.0
2025-05-07 15:02:26,173 [INFO] ThirdParty:1030 - CMSIS Pack Vendor :STMicroelectronics X-CUBE-SAFEA1 1.2.2
2025-05-07 15:02:26,173 [INFO] ThirdParty:1030 - CMSIS Pack Vendor :STMicroelectronics X-CUBE-NFC4 3.0.0
2025-05-07 15:02:26,173 [INFO] ThirdParty:1030 - CMSIS Pack Vendor :STMicroelectronics X-CUBE-DPower 1.2.0
2025-05-07 15:02:26,173 [INFO] ThirdParty:1030 - CMSIS Pack Vendor :STMicroelectronics X-CUBE-SUBG2 5.0.0
2025-05-07 15:02:26,173 [INFO] ThirdParty:1030 - CMSIS Pack Vendor :STMicroelectronics X-CUBE-AZRTOS-H7RS 1.1.0
2025-05-07 15:02:26,173 [INFO] ThirdParty:1030 - CMSIS Pack Vendor :STMicroelectronics STM32_WPAN 1.0.0
2025-05-07 15:02:26,173 [INFO] ThirdParty:1030 - CMSIS Pack Vendor :EmbeddedOffice I-CUBE-FS-RTOS 1.0.1
2025-05-07 15:02:26,173 [INFO] ThirdParty:1030 - CMSIS Pack Vendor :STMicroelectronics lwIP 2.0.3
2025-05-07 15:02:26,173 [INFO] ThirdParty:1030 - CMSIS Pack Vendor :STMicroelectronics FP-SNS-FLIGHT1 5.0.2
2025-05-07 15:02:26,173 [INFO] ThirdParty:1030 - CMSIS Pack Vendor :Cesanta I-CUBE-Mongoose 7.13.0
2025-05-07 15:02:26,173 [INFO] ThirdParty:1030 - CMSIS Pack Vendor :STMicroelectronics USB_HOST 1.0.0
2025-05-07 15:02:26,173 [INFO] ThirdParty:1030 - CMSIS Pack Vendor :STMicroelectronics X-CUBE-AI 9.0.0
2025-05-07 15:02:26,173 [INFO] ThirdParty:1030 - CMSIS Pack Vendor :STMicroelectronics X-CUBE-AZRTOS-G4 2.0.0
2025-05-07 15:02:26,173 [INFO] ThirdParty:1030 - CMSIS Pack Vendor :STMicroelectronics X-CUBE-WB05N 2.0.0
2025-05-07 15:02:26,173 [INFO] ThirdParty:1030 - CMSIS Pack Vendor :STMicroelectronics PDM2PCM 3.1.0
2025-05-07 15:02:26,173 [INFO] ThirdParty:1030 - CMSIS Pack Vendor :STMicroelectronics PDM2PCM 3.3.0
2025-05-07 15:02:26,173 [INFO] ThirdParty:1030 - CMSIS Pack Vendor :STMicroelectronics X-CUBE-DISPLAY 3.0.0
2025-05-07 15:02:26,173 [INFO] ThirdParty:1030 - CMSIS Pack Vendor :STMicroelectronics X-CUBE-NFC7 2.0.0
2025-05-07 15:02:26,173 [INFO] ThirdParty:1030 - CMSIS Pack Vendor :RealThread X-CUBE-RT-Thread_Nano 4.1.1
2025-05-07 15:02:26,173 [INFO] ThirdParty:1030 - CMSIS Pack Vendor :STMicroelectronics X-CUBE-BLE1 7.0.0
2025-05-07 15:02:26,173 [INFO] ThirdParty:1030 - CMSIS Pack Vendor :STMicroelectronics FP-ATR-SIGFOX1 3.2.0
2025-05-07 15:02:26,173 [INFO] ThirdParty:1030 - CMSIS Pack Vendor :STMicroelectronics X-CUBE-NFC10 1.0.0
2025-05-07 15:02:26,173 [INFO] ThirdParty:1030 - CMSIS Pack Vendor :wolfSSL I-CUBE-wolfSSL 5.7.2
2025-05-07 15:02:26,173 [INFO] ThirdParty:1030 - CMSIS Pack Vendor :quantropi X-CUBE-qispace-sdk-base 1.9.3
2025-05-07 15:02:26,173 [INFO] ThirdParty:1030 - CMSIS Pack Vendor :STMicroelectronics X-CUBE-ISPU 2.0.0
2025-05-07 15:02:26,173 [INFO] ThirdParty:1030 - CMSIS Pack Vendor :STMicroelectronics X-CUBE-BLEMGR 4.0.0
2025-05-07 15:02:26,173 [INFO] ThirdParty:1030 - CMSIS Pack Vendor :STMicroelectronics X-CUBE-EEPRMA1 5.1.0
2025-05-07 15:02:26,173 [INFO] ThirdParty:1030 - CMSIS Pack Vendor :STMicroelectronics HAL Drivers 0.0.0
2025-05-07 15:02:26,173 [INFO] ThirdParty:1030 - CMSIS Pack Vendor :STMicroelectronics MBEDTLS 2.16.2
2025-05-07 15:02:26,173 [INFO] ThirdParty:1030 - CMSIS Pack Vendor :STMicroelectronics X-CUBE-ALS 1.0.2
2025-05-07 15:02:26,173 [INFO] ThirdParty:1030 - CMSIS Pack Vendor :emotas I-CUBE-CANOPEN 1.3.0
2025-05-07 15:02:26,173 [INFO] ThirdParty:1030 - CMSIS Pack Vendor :STMicroelectronics X-CUBE-FREERTOS 1.3.0
2025-05-07 15:02:26,173 [INFO] ThirdParty:1030 - CMSIS Pack Vendor :wolfSSL I-CUBE-wolfSSL 5.7.4
2025-05-07 15:02:26,173 [INFO] ThirdParty:1030 - CMSIS Pack Vendor :STMicroelectronics X-CUBE-NFC7 1.0.1
2025-05-07 15:02:26,173 [INFO] ThirdParty:1030 - CMSIS Pack Vendor :STMicroelectronics MBEDTLS 2.14.1
2025-05-07 15:02:26,174 [INFO] ThirdParty:1030 - CMSIS Pack Vendor :STMicroelectronics X-CUBE-TOUCHGFX 4.24.0
2025-05-07 15:02:26,174 [INFO] ThirdParty:1030 - CMSIS Pack Vendor :ITTIA_DB I-CUBE-ITTIADB 8.9.0
2025-05-07 15:02:26,174 [INFO] ThirdParty:1030 - CMSIS Pack Vendor :STMicroelectronics X-CUBE-TOUCHGFX 4.24.2
2025-05-07 15:02:26,174 [INFO] ThirdParty:1030 - CMSIS Pack Vendor :STMicroelectronics X-CUBE-TOUCHGFX 4.24.1
2025-05-07 15:02:26,174 [INFO] ThirdParty:1030 - CMSIS Pack Vendor :wolfSSL I-CUBE-wolfTPM 3.4.0
2025-05-07 15:02:26,174 [INFO] ThirdParty:1030 - CMSIS Pack Vendor :portGmbH I-Cube-SoM-uGOAL 1.1.0
2025-05-07 15:02:26,174 [INFO] ThirdParty:1030 - CMSIS Pack Vendor :STMicroelectronics X-CUBE-BLEMGR 3.1.0
2025-05-07 15:02:26,174 [INFO] ThirdParty:1030 - CMSIS Pack Vendor :STMicroelectronics X-CUBE-AI 10.0.0
2025-05-07 15:02:26,174 [INFO] ThirdParty:1030 - CMSIS Pack Vendor :STMicroelectronics ThreadX 1.0.0
2025-05-07 15:02:26,174 [INFO] ThirdParty:1030 - CMSIS Pack Vendor :STMicroelectronics FP-SNS-SMARTAG2 1.2.0
2025-05-07 15:02:26,174 [INFO] ThirdParty:1030 - CMSIS Pack Vendor :STMicroelectronics X-CUBE-MEMS1 11.1.0
2025-05-07 15:02:26,174 [INFO] ThirdParty:1030 - CMSIS Pack Vendor :STMicroelectronics X-CUBE-AZRTOS-WL 2.0.0
2025-05-07 15:02:26,174 [INFO] ThirdParty:1030 - CMSIS Pack Vendor :SEGGER I-CUBE-embOS 1.3.1
2025-05-07 15:02:26,174 [INFO] ThirdParty:1030 - CMSIS Pack Vendor :STMicroelectronics X-CUBE-ALGOBUILD 1.4.0
2025-05-07 15:02:26,174 [INFO] ThirdParty:1030 - CMSIS Pack Vendor :STMicroelectronics X-CUBE-DPower 1.3.0
2025-05-07 15:02:26,174 [INFO] ThirdParty:1030 - CMSIS Pack Vendor :STMicroelectronics FP-SNS-MOTENV1 5.0.0
2025-05-07 15:02:26,174 [INFO] ThirdParty:1030 - CMSIS Pack Vendor :STMicroelectronics USB_DEVICE 1.0.0
2025-05-07 15:02:26,174 [INFO] ThirdParty:1030 - CMSIS Pack Vendor :STMicroelectronics X-CUBE-AZRTOS-H7RS 1.0.0
2025-05-07 15:02:26,174 [INFO] ThirdParty:1030 - CMSIS Pack Vendor :wolfSSL I-CUBE-wolfMQTT 1.19.0
2025-05-07 15:02:26,174 [INFO] ThirdParty:1030 - CMSIS Pack Vendor :STMicroelectronics X-CUBE-AZRTOS-L4 2.0.0
2025-05-07 15:02:26,174 [INFO] ThirdParty:1030 - CMSIS Pack Vendor :STMicroelectronics ThreadX 0.0.2
2025-05-07 15:02:26,174 [INFO] ThirdParty:1030 - CMSIS Pack Vendor :WES I-CUBE-Cesium 1.3.0
2025-05-07 15:02:26,174 [INFO] ThirdParty:1030 - CMSIS Pack Vendor :STMicroelectronics FP-ATR-ASTRA1 2.0.0
2025-05-07 15:02:26,174 [INFO] ThirdParty:1030 - CMSIS Pack Vendor :STMicroelectronics lwIP 2.1.2
2025-05-07 15:02:26,174 [INFO] ThirdParty:1030 - CMSIS Pack Vendor :STMicroelectronics X-CUBE-SFXS2LP1 4.0.0
2025-05-07 15:02:26,174 [INFO] ThirdParty:1030 - CMSIS Pack Vendor :STMicroelectronics X-CUBE-BLE2 3.3.0
2025-05-07 15:02:26,174 [INFO] ThirdParty:1030 - CMSIS Pack Vendor :STMicroelectronics X-CUBE-TOF1 3.4.2
2025-05-07 15:02:26,174 [INFO] ThirdParty:1030 - CMSIS Pack Vendor :STMicroelectronics X-CUBE-AI 9.1.0
2025-05-07 15:02:26,174 [INFO] ThirdParty:1030 - CMSIS Pack Vendor :Infineon AIROC-Wi-Fi-Bluetooth-STM32 1.6.1
2025-05-07 15:02:26,175 [INFO] ThirdParty:1030 - CMSIS Pack Vendor :STMicroelectronics PDM2PCM 3.2.0
2025-05-07 15:02:26,175 [INFO] ThirdParty:1030 - CMSIS Pack Vendor :wolfSSL I-CUBE-wolfSSH 1.4.17
2025-05-07 15:02:26,175 [INFO] ThirdParty:841 - exiting critical section [change project]
2025-05-07 15:02:26,435 [INFO] PinOutPanel:1561 - setPackage(No Configuration,No Configuration)
2025-05-07 15:02:26,438 [INFO] PinOutPanel:1561 - setPackage(STM32F407VGTx,LQFP100)
2025-05-07 15:02:26,727 [INFO] UtilMem:75 - Before build in PCC Used Memory: 991382584 Bytes (1073741824)
2025-05-07 15:02:27,254 [INFO] UtilMem:75 - After build in PCC Used Memory: 990827264 Bytes (1073741824)
2025-05-07 15:02:27,289 [INFO] IPUIPlugin:80 - create IPUIPlugin
2025-05-07 15:02:27,289 [INFO] IPUIPlugin:80 - create IPUIPlugin
2025-05-07 15:02:27,289 [INFO] IPUIPlugin:80 - create IPUIPlugin
2025-05-07 15:02:27,290 [INFO] IPUIPlugin:80 - create IPUIPlugin
2025-05-07 15:02:27,290 [INFO] IPUIPlugin:80 - create IPUIPlugin
2025-05-07 15:02:27,290 [INFO] IPUIPlugin:80 - create IPUIPlugin
2025-05-07 15:02:27,290 [INFO] IPUIPlugin:80 - create IPUIPlugin
2025-05-07 15:02:27,290 [INFO] IPUIPlugin:80 - create IPUIPlugin
2025-05-07 15:02:27,290 [INFO] IPUIPlugin:80 - create IPUIPlugin
2025-05-07 15:02:27,291 [INFO] IPUIPlugin:80 - create IPUIPlugin
2025-05-07 15:02:27,291 [INFO] IPUIPlugin:80 - create IPUIPlugin
2025-05-07 15:02:27,291 [INFO] IPUIPlugin:80 - create IPUIPlugin
2025-05-07 15:02:27,292 [INFO] IPUIPlugin:80 - create IPUIPlugin
2025-05-07 15:02:27,292 [INFO] IPUIPlugin:80 - create IPUIPlugin
2025-05-07 15:02:27,292 [INFO] IPUIPlugin:80 - create IPUIPlugin
2025-05-07 15:02:27,292 [INFO] IPUIPlugin:80 - create IPUIPlugin
2025-05-07 15:02:27,292 [INFO] IPUIPlugin:80 - create IPUIPlugin
2025-05-07 15:02:27,292 [INFO] IPUIPlugin:80 - create IPUIPlugin
2025-05-07 15:02:27,292 [INFO] IPUIPlugin:80 - create IPUIPlugin
2025-05-07 15:02:27,293 [INFO] IPUIPlugin:80 - create IPUIPlugin
2025-05-07 15:02:27,294 [INFO] IPUIPlugin:80 - create IPUIPlugin
2025-05-07 15:02:27,294 [INFO] IPUIPlugin:80 - create IPUIPlugin
2025-05-07 15:02:27,294 [INFO] IPUIPlugin:80 - create IPUIPlugin
2025-05-07 15:02:27,294 [INFO] IPUIPlugin:80 - create IPUIPlugin
2025-05-07 15:02:27,294 [INFO] IPUIPlugin:80 - create IPUIPlugin
2025-05-07 15:02:27,294 [INFO] IPUIPlugin:80 - create IPUIPlugin
2025-05-07 15:02:27,294 [INFO] IPUIPlugin:80 - create IPUIPlugin
2025-05-07 15:02:27,296 [INFO] IPUIPlugin:80 - create IPUIPlugin
2025-05-07 15:02:27,296 [INFO] IPUIPlugin:80 - create IPUIPlugin
2025-05-07 15:02:27,296 [INFO] IPUIPlugin:80 - create IPUIPlugin
2025-05-07 15:02:27,297 [INFO] IPUIPlugin:80 - create IPUIPlugin
2025-05-07 15:02:27,297 [INFO] IPUIPlugin:80 - create IPUIPlugin
2025-05-07 15:02:27,297 [INFO] IPUIPlugin:80 - create IPUIPlugin
2025-05-07 15:02:27,297 [INFO] IPUIPlugin:80 - create IPUIPlugin
2025-05-07 15:02:27,298 [INFO] IPUIPlugin:80 - create IPUIPlugin
2025-05-07 15:02:27,298 [INFO] IPUIPlugin:80 - create IPUIPlugin
2025-05-07 15:02:27,298 [INFO] IPUIPlugin:80 - create IPUIPlugin
2025-05-07 15:02:27,299 [INFO] IPUIPlugin:80 - create IPUIPlugin
2025-05-07 15:02:27,299 [INFO] IPUIPlugin:80 - create IPUIPlugin
2025-05-07 15:02:27,299 [INFO] IPUIPlugin:80 - create IPUIPlugin
2025-05-07 15:02:27,299 [INFO] IPUIPlugin:80 - create IPUIPlugin
2025-05-07 15:02:27,300 [INFO] IPUIPlugin:80 - create IPUIPlugin
2025-05-07 15:02:27,300 [INFO] IPUIPlugin:80 - create IPUIPlugin
2025-05-07 15:02:27,300 [INFO] IPUIPlugin:80 - create IPUIPlugin
2025-05-07 15:02:27,300 [INFO] IPUIPlugin:80 - create IPUIPlugin
2025-05-07 15:02:27,301 [INFO] IPUIPlugin:80 - create IPUIPlugin
2025-05-07 15:02:27,301 [INFO] IPUIPlugin:80 - create IPUIPlugin
2025-05-07 15:02:27,302 [INFO] IPUIPlugin:80 - create IPUIPlugin
2025-05-07 15:02:27,302 [INFO] IPUIPlugin:80 - create IPUIPlugin
2025-05-07 15:02:27,303 [INFO] IPUIPlugin:80 - create IPUIPlugin
2025-05-07 15:02:27,303 [INFO] IPUIPlugin:80 - create IPUIPlugin
2025-05-07 15:02:27,303 [INFO] IPUIPlugin:80 - create IPUIPlugin
2025-05-07 15:02:27,304 [INFO] IPUIPlugin:80 - create IPUIPlugin
2025-05-07 15:02:27,304 [INFO] IPUIPlugin:80 - create IPUIPlugin
2025-05-07 15:02:27,305 [INFO] IPUIPlugin:80 - create IPUIPlugin
2025-05-07 15:02:27,305 [INFO] IPUIPlugin:80 - create IPUIPlugin
2025-05-07 15:02:27,306 [INFO] IPUIPlugin:80 - create IPUIPlugin
2025-05-07 15:02:27,308 [INFO] IPUIPlugin:80 - create IPUIPlugin
2025-05-07 15:02:27,350 [INFO] ApiDbMcu:508 - Load IP Config File for PDM2PCM
2025-05-07 15:02:27,437 [INFO] CADModel:165 - CPN selected for project levelSTM32F407VGT6
2025-05-07 15:02:27,437 [INFO] CADModel:114 - Register for checkConnection events
2025-05-07 15:02:27,498 [INFO] OpenFileManager:363 - Restore cursor
2025-05-07 15:02:28,053 [INFO] UtilMem:75 - End SaveConfig() Used Memory: 984169360 Bytes (1073741824)
2025-05-07 15:02:28,173 [INFO] UtilMem:75 - End SaveConfig() Used Memory: 1003424528 Bytes (1073741824)
2025-05-07 15:02:28,984 [INFO] BlockDiagram:2766 - set Specific Code input for plugin: SYS
2025-05-07 15:02:28,984 [INFO] BlockDiagram:2766 - set Specific Code input for plugin: RCC
2025-05-07 15:02:28,984 [INFO] BlockDiagram:2766 - set Specific Code input for plugin: NVIC
2025-05-07 15:02:28,985 [INFO] BlockDiagram:2766 - set Specific Code input for plugin: GPIO
2025-05-07 15:02:28,990 [INFO] CodeGenerator:807 - code generatio: config db path: C:\ST\STM32CubeIDE_1.16.1\STM32CubeIDE\plugins\com.st.stm32cube.common.mx_6.12.1.202409122256\\db\
2025-05-07 15:02:29,501 [INFO] CodeEngine:255 - oldGeneratedFile, C:\STM32F407G_Development\Development\RTOS\003_LED_Block_Tasks\MXTmpFiles\license.tmp_save
2025-05-07 15:02:29,989 [INFO] CodeEngine:279 - Generated code: C:\STM32F407G_Development\Development\RTOS\003_LED_Block_Tasks\MXTmpFiles\license.tmp
2025-05-07 15:02:30,176 [INFO] CodeEngine:255 - oldGeneratedFile, C:\STM32F407G_Development\Development\RTOS\003_LED_Block_Tasks\MXTmpFiles\gpio.tmp_save
2025-05-07 15:02:30,421 [INFO] CodeEngine:279 - Generated code: C:\STM32F407G_Development\Development\RTOS\003_LED_Block_Tasks\MXTmpFiles\gpio.tmp
2025-05-07 15:02:30,535 [INFO] CodeEngine:255 - oldGeneratedFile, C:\STM32F407G_Development\Development\RTOS\003_LED_Block_Tasks\Core\Src\stm32f4xx_it.c_save
2025-05-07 15:02:30,809 [INFO] CodeEngine:279 - Generated code: C:\STM32F407G_Development\Development\RTOS\003_LED_Block_Tasks\Core\Src\stm32f4xx_it.c
2025-05-07 15:02:30,836 [INFO] CodeEngine:255 - oldGeneratedFile, C:\STM32F407G_Development\Development\RTOS\003_LED_Block_Tasks\Core\Inc\stm32f4xx_it.h_save
2025-05-07 15:02:31,009 [INFO] CodeEngine:279 - Generated code: C:\STM32F407G_Development\Development\RTOS\003_LED_Block_Tasks\Core\Inc\stm32f4xx_it.h
2025-05-07 15:02:31,058 [INFO] CodeEngine:255 - oldGeneratedFile, C:\STM32F407G_Development\Development\RTOS\003_LED_Block_Tasks\Core\Src\stm32f4xx_hal_msp.c_save
2025-05-07 15:02:31,290 [INFO] CodeEngine:279 - Generated code: C:\STM32F407G_Development\Development\RTOS\003_LED_Block_Tasks\Core\Src\stm32f4xx_hal_msp.c
2025-05-07 15:02:31,319 [INFO] CodeEngine:255 - oldGeneratedFile, C:\STM32F407G_Development\Development\RTOS\003_LED_Block_Tasks\MXTmpFiles\system.tmp_save
2025-05-07 15:02:31,468 [INFO] CodeEngine:279 - Generated code: C:\STM32F407G_Development\Development\RTOS\003_LED_Block_Tasks\MXTmpFiles\system.tmp
2025-05-07 15:02:31,565 [INFO] CodeEngine:311 - oldGeneratedFile, C:\STM32F407G_Development\Development\RTOS\003_LED_Block_Tasks\Core\Inc\stm32f4xx_hal_conf.h_save
2025-05-07 15:02:31,785 [INFO] CodeEngine:335 - Generated code: C:\STM32F407G_Development\Development\RTOS\003_LED_Block_Tasks\Core\Inc\stm32f4xx_hal_conf.h
2025-05-07 15:02:31,932 [INFO] CodeEngine:255 - oldGeneratedFile, C:\STM32F407G_Development\Development\RTOS\003_LED_Block_Tasks\Core\Inc\main.h_save
2025-05-07 15:02:32,117 [INFO] CodeEngine:279 - Generated code: C:\STM32F407G_Development\Development\RTOS\003_LED_Block_Tasks\Core\Inc\main.h
2025-05-07 15:02:32,142 [INFO] CodeEngine:255 - oldGeneratedFile, C:\STM32F407G_Development\Development\RTOS\003_LED_Block_Tasks\Core\Src\main.c_save
2025-05-07 15:02:32,370 [INFO] CodeEngine:279 - Generated code: C:\STM32F407G_Development\Development\RTOS\003_LED_Block_Tasks\Core\Src\main.c
2025-05-07 15:02:33,010 [INFO] ProjectBuilder:3249 - Time for Copy HAL[1] : 256mS.
2025-05-07 15:02:33,017 [INFO] ProjectBuilder:4828 - Project Generator version: 4.5.0-B34
2025-05-07 15:02:33,153 [INFO] ConfigFileManager:1531 - The Die is : DIE413
2025-05-07 15:02:33,193 [INFO] ApiDbMcu:508 - Load IP Config File for FATFS
2025-05-07 15:02:33,231 [INFO] ApiDbMcu:508 - Load IP Config File for FREERTOS
2025-05-07 15:02:33,260 [INFO] ApiDbMcu:508 - Load IP Config File for LIBJPEG
2025-05-07 15:02:33,291 [INFO] ApiDbMcu:508 - Load IP Config File for LWIP
2025-05-07 15:02:33,329 [INFO] ApiDbMcu:508 - Load IP Config File for MBEDTLS
2025-05-07 15:02:33,367 [INFO] ApiDbMcu:508 - Load IP Config File for USB_DEVICE
2025-05-07 15:02:33,394 [INFO] ApiDbMcu:508 - Load IP Config File for USB_HOST
